#
# There is insufficient memory for the Java Runtime Environment to continue.
# Native memory allocation (mmap) failed to map 58720256 bytes for G1 virtual space
# Possible reasons:
#   The system is out of physical RAM or swap space
#   The process is running with CompressedOops enabled, and the Java Heap may be blocking the growth of the native heap
# Possible solutions:
#   Reduce memory load on the system
#   Increase physical memory or swap space
#   Check if swap backing store is full
#   Decrease Java heap size (-Xmx/-Xms)
#   Decrease number of Java threads
#   Decrease Java thread stack sizes (-Xss)
#   Set larger code cache with -XX:ReservedCodeCacheSize=
#   JVM is running with Unscaled Compressed Oops mode in which the Java heap is
#     placed in the first 4GB address space. The Java Heap base address is the
#     maximum limit for the native heap growth. Please use -XX:HeapBaseMinAddress
#     to set the Java Heap base and to place the Java Heap above 4GB virtual address.
# This output file may be truncated or incomplete.
#
#  Out of Memory Error (os_windows.cpp:3527), pid=16212, tid=1288
#
# JRE version:  (19.0.1+10) (build )
# Java VM: Java HotSpot(TM) 64-Bit Server VM (19.0.1+10-21, mixed mode, sharing, tiered, compressed oops, compressed class ptrs, g1 gc, windows-amd64)
# No core dump will be written. Minidumps are not enabled by default on client versions of Windows
#

---------------  S U M M A R Y ------------

Command Line: -Dfile.encoding=UTF-8 --module-path=C:\Users\hp\OneDrive\Documents\NetBeansProjects\Quiz Application with Timer\build\classes quizapplicationwithtimer.Login

Host: AMD Ryzen 3 3250U with Radeon Graphics         , 4 cores, 3G,  Windows 11 , 64 bit Build 22621 (10.0.22621.3958)
Time: Sat Sep 14 00:08:20 2024 India Standard Time elapsed time: 0.098945 seconds (0d 0h 0m 0s)

---------------  T H R E A D  ---------------

Current thread (0x00000262a1c62a80):  JavaThread "Unknown thread" [_thread_in_vm, id=1288, stack(0x00000084fe700000,0x00000084fe800000)]

Stack: [0x00000084fe700000,0x00000084fe800000]
Native frames: (J=compiled Java code, j=interpreted, Vv=VM code, C=native code)
V  [jvm.dll+0x6ee8fa]
V  [jvm.dll+0x857a1e]
V  [jvm.dll+0x85940e]
V  [jvm.dll+0x859ac3]
V  [jvm.dll+0x28291f]
V  [jvm.dll+0x6eb6e9]
V  [jvm.dll+0x6e028a]
V  [jvm.dll+0x357136]
V  [jvm.dll+0x35eb96]
V  [jvm.dll+0x3b555e]
V  [jvm.dll+0x3b578f]
V  [jvm.dll+0x32c6ea]
V  [jvm.dll+0x32d59e]
V  [jvm.dll+0x821b20]
V  [jvm.dll+0x3c27c1]
V  [jvm.dll+0x8022f1]
V  [jvm.dll+0x44b30f]
V  [jvm.dll+0x44cc91]
C  [jli.dll+0x5287]
C  [ucrtbase.dll+0x29333]
C  [KERNEL32.DLL+0x1257d]
C  [ntdll.dll+0x5af28]


---------------  P R O C E S S  ---------------

Threads class SMR info:
_java_thread_list=0x00007ffb29b3d048, length=0, elements={
}

Java Threads: ( => current thread )

Other Threads:
  0x00000262a1c9fac0 WorkerThread "GC Thread#0" [stack: 0x00000084fe800000,0x00000084fe900000] [id=8548]
  0x00000262a1ca8ae0 ConcurrentGCThread "G1 Main Marker" [stack: 0x00000084fe900000,0x00000084fea00000] [id=13628]
  0x00000262a1ca9cb0 WorkerThread "G1 Conc#0" [stack: 0x00000084fea00000,0x00000084feb00000] [id=12292]

[error occurred during error reporting (printing all threads), id 0xc0000005, EXCEPTION_ACCESS_VIOLATION (0xc0000005) at pc=0x00007ffb292fd127]

VM state: not at safepoint (not fully initialized)

VM Mutex/Monitor currently owned by a thread:  ([mutex/lock_event])
[0x00000262a1c5e7f0] Heap_lock - owner thread: 0x00000262a1c62a80

Heap address: 0x00000000c8e00000, size: 882 MB, Compressed Oops mode: 32-bit

CDS archive(s) mapped at: [0x0000000000000000-0x0000000000000000-0x0000000000000000), size 0, SharedBaseAddress: 0x0000000800000000, ArchiveRelocationMode: 0.
Narrow klass base: 0x0000000000000000, Narrow klass shift: 0, Narrow klass range: 0x0

GC Precious Log:
 CardTable entry size: 512
 Card Set container configuration: InlinePtr #cards 5 size 8 Array Of Cards #cards 12 size 40 Howl #buckets 4 coarsen threshold 1843 Howl Bitmap #cards 512 size 80 coarsen threshold 460 Card regions per heap region 1 cards per card region 2048

Heap:
 garbage-first heap   total 0K, used 0K [0x00000000c8e00000, 0x0000000100000000)
  region size 1024K, 0 young (0K), 0 survivors (0K)

[error occurred during error reporting (printing heap information), id 0xc0000005, EXCEPTION_ACCESS_VIOLATION (0xc0000005) at pc=0x00007ffb29706959]

GC Heap History (0 events):
No events

Dll operation events (1 events):
Event: 0.080 Loaded shared library C:\Program Files\Java\jdk-19\bin\java.dll

Deoptimization events (0 events):
No events

Classes loaded (0 events):
No events

Classes unloaded (0 events):
No events

Classes redefined (0 events):
No events

Internal exceptions (0 events):
No events

VM Operations (0 events):
No events

Events (0 events):
No events


Dynamic libraries:
0x00007ff79e100000 - 0x00007ff79e110000 	C:\Program Files\Java\jdk-19\bin\java.exe
0x00007ffb96f10000 - 0x00007ffb97127000 	C:\WINDOWS\SYSTEM32\ntdll.dll
0x00007ffb6bbe0000 - 0x00007ffb6bbfa000 	C:\Program Files\Avast Software\Avast\aswhook.dll
0x00007ffb953f0000 - 0x00007ffb954b4000 	C:\WINDOWS\System32\KERNEL32.DLL
0x00007ffb94600000 - 0x00007ffb949ad000 	C:\WINDOWS\System32\KERNELBASE.dll
0x00007ffb94230000 - 0x00007ffb94341000 	C:\WINDOWS\System32\ucrtbase.dll
0x00007ffb664a0000 - 0x00007ffb664b8000 	C:\Program Files\Java\jdk-19\bin\jli.dll
0x00007ffb94fe0000 - 0x00007ffb95092000 	C:\WINDOWS\System32\ADVAPI32.dll
0x00007ffb96e20000 - 0x00007ffb96ec7000 	C:\WINDOWS\System32\msvcrt.dll
0x00007ffb95340000 - 0x00007ffb953e9000 	C:\WINDOWS\System32\sechost.dll
0x00007ffb949b0000 - 0x00007ffb949d8000 	C:\WINDOWS\System32\bcrypt.dll
0x00007ffb96610000 - 0x00007ffb96724000 	C:\WINDOWS\System32\RPCRT4.dll
0x00007ffb959b0000 - 0x00007ffb95b5e000 	C:\WINDOWS\System32\USER32.dll
0x00007ffb94a50000 - 0x00007ffb94a76000 	C:\WINDOWS\System32\win32u.dll
0x00007ffb96db0000 - 0x00007ffb96dd9000 	C:\WINDOWS\System32\GDI32.dll
0x00007ffb94a80000 - 0x00007ffb94b99000 	C:\WINDOWS\System32\gdi32full.dll
0x00007ffb94ba0000 - 0x00007ffb94c3a000 	C:\WINDOWS\System32\msvcp_win.dll
0x00007ffb6fa60000 - 0x00007ffb6fa7b000 	C:\Program Files\Java\jdk-19\bin\VCRUNTIME140.dll
0x00007ffb80f90000 - 0x00007ffb81223000 	C:\WINDOWS\WinSxS\amd64_microsoft.windows.common-controls_6595b64144ccf1df_6.0.22621.3672_none_2713b9d173822955\COMCTL32.dll
0x00007ffb8cfb0000 - 0x00007ffb8cfba000 	C:\WINDOWS\SYSTEM32\VERSION.dll
0x00007ffb96de0000 - 0x00007ffb96e11000 	C:\WINDOWS\System32\IMM32.DLL
0x00007ffb88110000 - 0x00007ffb8811c000 	C:\Program Files\Java\jdk-19\bin\vcruntime140_1.dll
0x00007ffb3d5a0000 - 0x00007ffb3d62e000 	C:\Program Files\Java\jdk-19\bin\msvcp140.dll
0x00007ffb28fc0000 - 0x00007ffb29c80000 	C:\Program Files\Java\jdk-19\bin\server\jvm.dll
0x00007ffb901d0000 - 0x00007ffb90204000 	C:\WINDOWS\SYSTEM32\WINMM.dll
0x00007ffb7abb0000 - 0x00007ffb7abb9000 	C:\WINDOWS\SYSTEM32\WSOCK32.dll
0x00007ffb950a0000 - 0x00007ffb95111000 	C:\WINDOWS\System32\WS2_32.dll
0x00007ffb93240000 - 0x00007ffb93258000 	C:\WINDOWS\SYSTEM32\kernel.appcore.dll
0x00007ffb6e4a0000 - 0x00007ffb6e4aa000 	C:\Program Files\Java\jdk-19\bin\jimage.dll
0x00007ffb8ca90000 - 0x00007ffb8ccc2000 	C:\WINDOWS\SYSTEM32\DBGHELP.DLL
0x00007ffb94c50000 - 0x00007ffb94fde000 	C:\WINDOWS\System32\combase.dll
0x00007ffb969a0000 - 0x00007ffb96a77000 	C:\WINDOWS\System32\OLEAUT32.dll
0x00007ffb87ec0000 - 0x00007ffb87ef2000 	C:\WINDOWS\SYSTEM32\dbgcore.DLL
0x00007ffb94580000 - 0x00007ffb945fb000 	C:\WINDOWS\System32\bcryptPrimitives.dll
0x00007ffb55bc0000 - 0x00007ffb55be6000 	C:\Program Files\Java\jdk-19\bin\java.dll

dbghelp: loaded successfully - version: 4.0.5 - missing functions: none
symbol engine: initialized successfully - sym options: 0x614 - pdb path: .;C:\Program Files\Java\jdk-19\bin;C:\WINDOWS\SYSTEM32;C:\Program Files\Avast Software\Avast;C:\WINDOWS\WinSxS\amd64_microsoft.windows.common-controls_6595b64144ccf1df_6.0.22621.3672_none_2713b9d173822955;C:\Program Files\Java\jdk-19\bin\server

VM Arguments:
jvm_args: -Dfile.encoding=UTF-8 --module-path=C:\Users\hp\OneDrive\Documents\NetBeansProjects\Quiz Application with Timer\build\classes 
java_command: quizapplicationwithtimer.Login
java_class_path (initial): C:\Users\hp\OneDrive\Documents\NetBeansProjects\Quiz Application with Timer\build\classes
Launcher Type: SUN_STANDARD

[Global flags]
     intx CICompilerCount                          = 3                                         {product} {ergonomic}
     uint ConcGCThreads                            = 1                                         {product} {ergonomic}
     uint G1ConcRefinementThreads                  = 4                                         {product} {ergonomic}
   size_t G1HeapRegionSize                         = 1048576                                   {product} {ergonomic}
    uintx GCDrainStackTargetSize                   = 64                                        {product} {ergonomic}
   size_t InitialHeapSize                          = 58720256                                  {product} {ergonomic}
   size_t MarkStackSize                            = 4194304                                   {product} {ergonomic}
   size_t MaxHeapSize                              = 924844032                                 {product} {ergonomic}
   size_t MinHeapDeltaBytes                        = 1048576                                   {product} {ergonomic}
   size_t MinHeapSize                              = 8388608                                   {product} {ergonomic}
    uintx NonNMethodCodeHeapSize                   = 5832780                                {pd product} {ergonomic}
    uintx NonProfiledCodeHeapSize                  = 122912730                              {pd product} {ergonomic}
    uintx ProfiledCodeHeapSize                     = 122912730                              {pd product} {ergonomic}
    uintx ReservedCodeCacheSize                    = 251658240                              {pd product} {ergonomic}
     bool SegmentedCodeCache                       = true                                      {product} {ergonomic}
   size_t SoftMaxHeapSize                          = 924844032                              {manageable} {ergonomic}
     bool UseCompressedClassPointers               = true                           {product lp64_product} {ergonomic}
     bool UseCompressedOops                        = true                           {product lp64_product} {ergonomic}
     bool UseG1GC                                  = true                                      {product} {ergonomic}
     bool UseLargePagesIndividualAllocation        = false                                  {pd product} {ergonomic}

Logging:
Log output configuration:
 #0: stdout all=warning uptime,level,tags foldmultilines=false
 #1: stderr all=off uptime,level,tags foldmultilines=false

Environment Variables:
PATH=C:\Program Files\Common Files\Oracle\Java\javapath;C:\WINDOWS\system32;C:\WINDOWS;C:\WINDOWS\System32\Wbem;C:\WINDOWS\System32\WindowsPowerShell\v1.0\;C:\WINDOWS\System32\OpenSSH\;C:\Users\hp\AppData\Local\Programs\Python\Launcher\;C:\Users\hp\AppData\Local\Microsoft\WindowsApps;C:\Users\hp\AppData\Local\Programs\Microsoft VS Code\bin;C:\Program Files\JetBrains\IntelliJ IDEA 2024.2.1\bin;;C:\Users\hp\AppData\Local\GitHubDesktop\bin;C:\ProgramData\hp\GitHubDesktop\bin
USERNAME=hp
OS=Windows_NT
PROCESSOR_IDENTIFIER=AMD64 Family 23 Model 24 Stepping 1, AuthenticAMD
TMP=C:\Users\hp\AppData\Local\Temp
TEMP=C:\Users\hp\AppData\Local\Temp



---------------  S Y S T E M  ---------------

OS:
 Windows 11 , 64 bit Build 22621 (10.0.22621.3958)
OS uptime: 0 days 3:36 hours
Hyper-V role detected

CPU: total 4 (initial active 4) (4 cores per cpu, 2 threads per core) family 23 model 24 stepping 1 microcode 0x0, cx8, cmov, fxsr, ht, mmx, 3dnowpref, sse, sse2, sse3, ssse3, sse4a, sse4.1, sse4.2, popcnt, lzcnt, tsc, tscinvbit, avx, avx2, aes, clmul, bmi1, bmi2, adx, sha, fma, vzeroupper, clflush, clflushopt, hv, rdtscp

Memory: 4k page, system-wide physical 3526M (211M free)
TotalPageFile size 14278M (AvailPageFile size 12M)
current process WorkingSet (physical memory assigned to process): 11M, peak: 11M
current process commit charge ("private bytes"): 52M, peak: 107M

vm_info: Java HotSpot(TM) 64-Bit Server VM (19.0.1+10-21) for windows-amd64 JRE (19.0.1+10-21), built on 2022-09-14T12:45:06Z by "mach5one" with MS VC++ 17.1 (VS2022)

END.
