#
# There is insufficient memory for the Java Runtime Environment to continue.
# Native memory allocation (mmap) failed to map 65536 bytes for Failed to commit metaspace.
# Possible reasons:
#   The system is out of physical RAM or swap space
#   The process is running with CompressedOops enabled, and the Java Heap may be blocking the growth of the native heap
# Possible solutions:
#   Reduce memory load on the system
#   Increase physical memory or swap space
#   Check if swap backing store is full
#   Decrease Java heap size (-Xmx/-Xms)
#   Decrease number of Java threads
#   Decrease Java thread stack sizes (-Xss)
#   Set larger code cache with -XX:ReservedCodeCacheSize=
#   JVM is running with Unscaled Compressed Oops mode in which the Java heap is
#     placed in the first 4GB address space. The Java Heap base address is the
#     maximum limit for the native heap growth. Please use -XX:HeapBaseMinAddress
#     to set the Java Heap base and to place the Java Heap above 4GB virtual address.
# This output file may be truncated or incomplete.
#
#  Out of Memory Error (virtualSpaceNode.cpp:110), pid=4740, tid=8064
#
# JRE version: Java(TM) SE Runtime Environment (19.0.1+10) (build 19.0.1+10-21)
# Java VM: Java HotSpot(TM) 64-Bit Server VM (19.0.1+10-21, mixed mode, sharing, tiered, compressed oops, compressed class ptrs, g1 gc, windows-amd64)
# No core dump will be written. Minidumps are not enabled by default on client versions of Windows
#

---------------  S U M M A R Y ------------

Command Line: -Dfile.encoding=UTF-8 --module-path=C:\Users\hp\OneDrive\Documents\NetBeansProjects\Quiz Application with Timer\build\classes quizapplicationwithtimer.Rules

Host: AMD Ryzen 3 3250U with Radeon Graphics         , 4 cores, 3G,  Windows 11 , 64 bit Build 22621 (10.0.22621.3958)
Time: Fri Sep 13 23:23:44 2024 India Standard Time elapsed time: 1.638409 seconds (0d 0h 0m 1s)

---------------  T H R E A D  ---------------

Current thread (0x000001507f4948d0):  JavaThread "AWT-EventQueue-0" [_thread_in_vm, id=8064, stack(0x00000025f1c00000,0x00000025f1d00000)]

Stack: [0x00000025f1c00000,0x00000025f1d00000]
Native frames: (J=compiled Java code, j=interpreted, Vv=VM code, C=native code)
V  [jvm.dll+0x6ee8fa]
V  [jvm.dll+0x857a1e]
V  [jvm.dll+0x85940e]
V  [jvm.dll+0x859ac3]
V  [jvm.dll+0x28291f]
V  [jvm.dll+0x85369b]
V  [jvm.dll+0x693276]
V  [jvm.dll+0x1f29b7]
V  [jvm.dll+0x695cb2]
V  [jvm.dll+0x695a9e]
V  [jvm.dll+0x693c9e]
V  [jvm.dll+0x69e347]
V  [jvm.dll+0x21df42]
V  [jvm.dll+0x21e475]
V  [jvm.dll+0x21edd1]
V  [jvm.dll+0x214571]
V  [jvm.dll+0x5aa2d6]
V  [jvm.dll+0x22567a]
V  [jvm.dll+0x7ccb72]
V  [jvm.dll+0x7cdfba]
V  [jvm.dll+0x7ce2e8]
V  [jvm.dll+0x271d6b]
V  [jvm.dll+0x271f8f]
V  [jvm.dll+0x5cba38]
V  [jvm.dll+0x5ce997]
V  [jvm.dll+0x3ddf27]
V  [jvm.dll+0x3dd57f]
C  0x000001500755c197

Java frames: (J=compiled Java code, j=interpreted, Vv=VM code)
j  java.awt.EventDispatchThread.filterAndCheckEvent(Ljava/awt/AWTEvent;)Z+96 java.desktop@19.0.1
j  java.awt.EventDispatchThread.pumpOneEventForFilters(I)V+35 java.desktop@19.0.1
j  java.awt.EventDispatchThread.pumpEventsForFilter(ILjava/awt/Conditional;Ljava/awt/EventFilter;)V+35 java.desktop@19.0.1
j  java.awt.EventDispatchThread.pumpEventsForHierarchy(ILjava/awt/Conditional;Ljava/awt/Component;)V+11 java.desktop@19.0.1
j  java.awt.EventDispatchThread.pumpEvents(ILjava/awt/Conditional;)V+4 java.desktop@19.0.1
j  java.awt.EventDispatchThread.pumpEvents(Ljava/awt/Conditional;)V+3 java.desktop@19.0.1
j  java.awt.EventDispatchThread.run()V+9 java.desktop@19.0.1
v  ~StubRoutines::call_stub 0x000001500753100e

---------------  P R O C E S S  ---------------

Threads class SMR info:
_java_thread_list=0x0000015019ffac60, length=16, elements={
0x0000015072fae800, 0x000001507f46a8d0, 0x000001507f46b6c0, 0x000001507f472840,
0x000001507f474380, 0x000001507f476dc0, 0x000001507f47cc00, 0x000001507f47d860,
0x000001507f4861e0, 0x000001507f493390, 0x000001507f4958c0, 0x000001507f4938e0,
0x000001507f495e10, 0x000001507f4968b0, 0x000001507f494e20, 0x000001507f4948d0
}

Java Threads: ( => current thread )
  0x0000015072fae800 JavaThread "main" [_thread_in_vm, id=6608, stack(0x00000025f0000000,0x00000025f0100000)]
  0x000001507f46a8d0 JavaThread "Reference Handler" daemon [_thread_blocked, id=9508, stack(0x00000025f0700000,0x00000025f0800000)]
  0x000001507f46b6c0 JavaThread "Finalizer" daemon [_thread_blocked, id=13176, stack(0x00000025f0800000,0x00000025f0900000)]
  0x000001507f472840 JavaThread "Signal Dispatcher" daemon [_thread_blocked, id=14760, stack(0x00000025f0900000,0x00000025f0a00000)]
  0x000001507f474380 JavaThread "Attach Listener" daemon [_thread_blocked, id=8220, stack(0x00000025f0a00000,0x00000025f0b00000)]
  0x000001507f476dc0 JavaThread "Service Thread" daemon [_thread_blocked, id=3352, stack(0x00000025f0b00000,0x00000025f0c00000)]
  0x000001507f47cc00 JavaThread "Monitor Deflation Thread" daemon [_thread_blocked, id=3964, stack(0x00000025f0c00000,0x00000025f0d00000)]
  0x000001507f47d860 JavaThread "C2 CompilerThread0" daemon [_thread_blocked, id=15028, stack(0x00000025f0d00000,0x00000025f0e00000)]
  0x000001507f4861e0 JavaThread "C1 CompilerThread0" daemon [_thread_in_vm, id=2080, stack(0x00000025f0e00000,0x00000025f0f00000)]
  0x000001507f493390 JavaThread "Sweeper thread" daemon [_thread_blocked, id=11780, stack(0x00000025f0f00000,0x00000025f1000000)]
  0x000001507f4958c0 JavaThread "Common-Cleaner" daemon [_thread_blocked, id=11304, stack(0x00000025f1000000,0x00000025f1100000)]
  0x000001507f4938e0 JavaThread "Notification Thread" daemon [_thread_blocked, id=13332, stack(0x00000025f1100000,0x00000025f1200000)]
  0x000001507f495e10 JavaThread "Java2D Disposer" daemon [_thread_blocked, id=1540, stack(0x00000025f1300000,0x00000025f1400000)]
  0x000001507f4968b0 JavaThread "AWT-Shutdown" [_thread_blocked, id=14808, stack(0x00000025f1400000,0x00000025f1500000)]
  0x000001507f494e20 JavaThread "AWT-Windows" daemon [_thread_in_native, id=11468, stack(0x00000025f1500000,0x00000025f1600000)]
=>0x000001507f4948d0 JavaThread "AWT-EventQueue-0" [_thread_in_vm, id=8064, stack(0x00000025f1c00000,0x00000025f1d00000)]

Other Threads:
  0x000001507512e3c0 VMThread "VM Thread" [stack: 0x00000025f0600000,0x00000025f0700000] [id=14948]
  0x000001507f774f10 WatcherThread "VM Periodic Task Thread" [stack: 0x00000025f1200000,0x00000025f1300000] [id=14916]
  0x00000150750b1640 WorkerThread "GC Thread#0" [stack: 0x00000025f0100000,0x00000025f0200000] [id=14936]
  0x00000150750b9580 ConcurrentGCThread "G1 Main Marker" [stack: 0x00000025f0200000,0x00000025f0300000] [id=13904]
  0x00000150750ba750 WorkerThread "G1 Conc#0" [stack: 0x00000025f0300000,0x00000025f0400000] [id=14976]
  0x000001507510d140 ConcurrentGCThread "G1 Refine#0" [stack: 0x00000025f0400000,0x00000025f0500000] [id=8020]
  0x000001507510dc80 ConcurrentGCThread "G1 Service" [stack: 0x00000025f0500000,0x00000025f0600000] [id=7496]

Threads with active compile tasks:
C1 CompilerThread0     1740  915       3       java.nio.MappedByteBuffer::position (6 bytes)

VM state: not at safepoint (normal execution)

VM Mutex/Monitor currently owned by a thread:  ([mutex/lock_event])
[0x00000150750717c0] Metaspace_lock - owner thread: 0x000001507f4948d0
[0x0000015072fabf10] MethodData_lock - owner thread: 0x000001507f4861e0

Heap address: 0x00000000c8e00000, size: 882 MB, Compressed Oops mode: 32-bit

CDS archive(s) mapped at: [0x0000000800000000-0x0000000800c40000-0x0000000800c40000), size 12845056, SharedBaseAddress: 0x0000000800000000, ArchiveRelocationMode: 0.
Compressed class space mapped at: 0x0000000801000000-0x0000000841000000, reserved size: 1073741824
Narrow klass base: 0x0000000800000000, Narrow klass shift: 0, Narrow klass range: 0x100000000

GC Precious Log:
 CardTable entry size: 512
 Card Set container configuration: InlinePtr #cards 5 size 8 Array Of Cards #cards 12 size 40 Howl #buckets 4 coarsen threshold 1843 Howl Bitmap #cards 512 size 80 coarsen threshold 460 Card regions per heap region 1 cards per card region 2048
 CPUs: 4 total, 4 available
 Memory: 3526M
 Large Page Support: Disabled
 NUMA Support: Disabled
 Compressed Oops: Enabled (32-bit)
 Heap Region Size: 1M
 Heap Min Capacity: 8M
 Heap Initial Capacity: 56M
 Heap Max Capacity: 882M
 Pre-touch: Disabled
 Parallel Workers: 4
 Concurrent Workers: 1
 Concurrent Refinement Workers: 4
 Periodic GC: Disabled

Heap:
 garbage-first heap   total 57344K, used 7168K [0x00000000c8e00000, 0x0000000100000000)
  region size 1024K, 8 young (8192K), 0 survivors (0K)
 Metaspace       used 6807K, committed 6976K, reserved 1114112K
  class space    used 711K, committed 832K, reserved 1048576K

Heap Regions: E=young(eden), S=young(survivor), O=old, HS=humongous(starts), HC=humongous(continues), CS=collection set, F=free, OA=open archive, CA=closed archive, TAMS=top-at-mark-start (previous, next)
|   0|0x00000000c8e00000, 0x00000000c8e00000, 0x00000000c8f00000|  0%| F|  |TAMS 0x00000000c8e00000, 0x00000000c8e00000| Untracked 
|   1|0x00000000c8f00000, 0x00000000c8f00000, 0x00000000c9000000|  0%| F|  |TAMS 0x00000000c8f00000, 0x00000000c8f00000| Untracked 
|   2|0x00000000c9000000, 0x00000000c9000000, 0x00000000c9100000|  0%| F|  |TAMS 0x00000000c9000000, 0x00000000c9000000| Untracked 
|   3|0x00000000c9100000, 0x00000000c9100000, 0x00000000c9200000|  0%| F|  |TAMS 0x00000000c9100000, 0x00000000c9100000| Untracked 
|   4|0x00000000c9200000, 0x00000000c9200000, 0x00000000c9300000|  0%| F|  |TAMS 0x00000000c9200000, 0x00000000c9200000| Untracked 
|   5|0x00000000c9300000, 0x00000000c9300000, 0x00000000c9400000|  0%| F|  |TAMS 0x00000000c9300000, 0x00000000c9300000| Untracked 
|   6|0x00000000c9400000, 0x00000000c9400000, 0x00000000c9500000|  0%| F|  |TAMS 0x00000000c9400000, 0x00000000c9400000| Untracked 
|   7|0x00000000c9500000, 0x00000000c9500000, 0x00000000c9600000|  0%| F|  |TAMS 0x00000000c9500000, 0x00000000c9500000| Untracked 
|   8|0x00000000c9600000, 0x00000000c9600000, 0x00000000c9700000|  0%| F|  |TAMS 0x00000000c9600000, 0x00000000c9600000| Untracked 
|   9|0x00000000c9700000, 0x00000000c9700000, 0x00000000c9800000|  0%| F|  |TAMS 0x00000000c9700000, 0x00000000c9700000| Untracked 
|  10|0x00000000c9800000, 0x00000000c9800000, 0x00000000c9900000|  0%| F|  |TAMS 0x00000000c9800000, 0x00000000c9800000| Untracked 
|  11|0x00000000c9900000, 0x00000000c9900000, 0x00000000c9a00000|  0%| F|  |TAMS 0x00000000c9900000, 0x00000000c9900000| Untracked 
|  12|0x00000000c9a00000, 0x00000000c9a00000, 0x00000000c9b00000|  0%| F|  |TAMS 0x00000000c9a00000, 0x00000000c9a00000| Untracked 
|  13|0x00000000c9b00000, 0x00000000c9b00000, 0x00000000c9c00000|  0%| F|  |TAMS 0x00000000c9b00000, 0x00000000c9b00000| Untracked 
|  14|0x00000000c9c00000, 0x00000000c9c00000, 0x00000000c9d00000|  0%| F|  |TAMS 0x00000000c9c00000, 0x00000000c9c00000| Untracked 
|  15|0x00000000c9d00000, 0x00000000c9d00000, 0x00000000c9e00000|  0%| F|  |TAMS 0x00000000c9d00000, 0x00000000c9d00000| Untracked 
|  16|0x00000000c9e00000, 0x00000000c9e00000, 0x00000000c9f00000|  0%| F|  |TAMS 0x00000000c9e00000, 0x00000000c9e00000| Untracked 
|  17|0x00000000c9f00000, 0x00000000c9f00000, 0x00000000ca000000|  0%| F|  |TAMS 0x00000000c9f00000, 0x00000000c9f00000| Untracked 
|  18|0x00000000ca000000, 0x00000000ca000000, 0x00000000ca100000|  0%| F|  |TAMS 0x00000000ca000000, 0x00000000ca000000| Untracked 
|  19|0x00000000ca100000, 0x00000000ca100000, 0x00000000ca200000|  0%| F|  |TAMS 0x00000000ca100000, 0x00000000ca100000| Untracked 
|  20|0x00000000ca200000, 0x00000000ca200000, 0x00000000ca300000|  0%| F|  |TAMS 0x00000000ca200000, 0x00000000ca200000| Untracked 
|  21|0x00000000ca300000, 0x00000000ca300000, 0x00000000ca400000|  0%| F|  |TAMS 0x00000000ca300000, 0x00000000ca300000| Untracked 
|  22|0x00000000ca400000, 0x00000000ca400000, 0x00000000ca500000|  0%| F|  |TAMS 0x00000000ca400000, 0x00000000ca400000| Untracked 
|  23|0x00000000ca500000, 0x00000000ca500000, 0x00000000ca600000|  0%| F|  |TAMS 0x00000000ca500000, 0x00000000ca500000| Untracked 
|  24|0x00000000ca600000, 0x00000000ca600000, 0x00000000ca700000|  0%| F|  |TAMS 0x00000000ca600000, 0x00000000ca600000| Untracked 
|  25|0x00000000ca700000, 0x00000000ca700000, 0x00000000ca800000|  0%| F|  |TAMS 0x00000000ca700000, 0x00000000ca700000| Untracked 
|  26|0x00000000ca800000, 0x00000000ca800000, 0x00000000ca900000|  0%| F|  |TAMS 0x00000000ca800000, 0x00000000ca800000| Untracked 
|  27|0x00000000ca900000, 0x00000000ca900000, 0x00000000caa00000|  0%| F|  |TAMS 0x00000000ca900000, 0x00000000ca900000| Untracked 
|  28|0x00000000caa00000, 0x00000000caa00000, 0x00000000cab00000|  0%| F|  |TAMS 0x00000000caa00000, 0x00000000caa00000| Untracked 
|  29|0x00000000cab00000, 0x00000000cab00000, 0x00000000cac00000|  0%| F|  |TAMS 0x00000000cab00000, 0x00000000cab00000| Untracked 
|  30|0x00000000cac00000, 0x00000000cac00000, 0x00000000cad00000|  0%| F|  |TAMS 0x00000000cac00000, 0x00000000cac00000| Untracked 
|  31|0x00000000cad00000, 0x00000000cad00000, 0x00000000cae00000|  0%| F|  |TAMS 0x00000000cad00000, 0x00000000cad00000| Untracked 
|  32|0x00000000cae00000, 0x00000000cae00000, 0x00000000caf00000|  0%| F|  |TAMS 0x00000000cae00000, 0x00000000cae00000| Untracked 
|  33|0x00000000caf00000, 0x00000000caf00000, 0x00000000cb000000|  0%| F|  |TAMS 0x00000000caf00000, 0x00000000caf00000| Untracked 
|  34|0x00000000cb000000, 0x00000000cb000000, 0x00000000cb100000|  0%| F|  |TAMS 0x00000000cb000000, 0x00000000cb000000| Untracked 
|  35|0x00000000cb100000, 0x00000000cb100000, 0x00000000cb200000|  0%| F|  |TAMS 0x00000000cb100000, 0x00000000cb100000| Untracked 
|  36|0x00000000cb200000, 0x00000000cb200000, 0x00000000cb300000|  0%| F|  |TAMS 0x00000000cb200000, 0x00000000cb200000| Untracked 
|  37|0x00000000cb300000, 0x00000000cb300000, 0x00000000cb400000|  0%| F|  |TAMS 0x00000000cb300000, 0x00000000cb300000| Untracked 
|  38|0x00000000cb400000, 0x00000000cb400000, 0x00000000cb500000|  0%| F|  |TAMS 0x00000000cb400000, 0x00000000cb400000| Untracked 
|  39|0x00000000cb500000, 0x00000000cb500000, 0x00000000cb600000|  0%| F|  |TAMS 0x00000000cb500000, 0x00000000cb500000| Untracked 
|  40|0x00000000cb600000, 0x00000000cb600000, 0x00000000cb700000|  0%| F|  |TAMS 0x00000000cb600000, 0x00000000cb600000| Untracked 
|  41|0x00000000cb700000, 0x00000000cb700000, 0x00000000cb800000|  0%| F|  |TAMS 0x00000000cb700000, 0x00000000cb700000| Untracked 
|  42|0x00000000cb800000, 0x00000000cb800000, 0x00000000cb900000|  0%| F|  |TAMS 0x00000000cb800000, 0x00000000cb800000| Untracked 
|  43|0x00000000cb900000, 0x00000000cb900000, 0x00000000cba00000|  0%| F|  |TAMS 0x00000000cb900000, 0x00000000cb900000| Untracked 
|  44|0x00000000cba00000, 0x00000000cba00000, 0x00000000cbb00000|  0%| F|  |TAMS 0x00000000cba00000, 0x00000000cba00000| Untracked 
|  45|0x00000000cbb00000, 0x00000000cbb00000, 0x00000000cbc00000|  0%| F|  |TAMS 0x00000000cbb00000, 0x00000000cbb00000| Untracked 
|  46|0x00000000cbc00000, 0x00000000cbc00000, 0x00000000cbd00000|  0%| F|  |TAMS 0x00000000cbc00000, 0x00000000cbc00000| Untracked 
|  47|0x00000000cbd00000, 0x00000000cbd00000, 0x00000000cbe00000|  0%| F|  |TAMS 0x00000000cbd00000, 0x00000000cbd00000| Untracked 
|  48|0x00000000cbe00000, 0x00000000cbe85a68, 0x00000000cbf00000| 52%| E|  |TAMS 0x00000000cbe00000, 0x00000000cbe00000| Complete 
|  49|0x00000000cbf00000, 0x00000000cc000000, 0x00000000cc000000|100%| E|CS|TAMS 0x00000000cbf00000, 0x00000000cbf00000| Complete 
|  50|0x00000000cc000000, 0x00000000cc100000, 0x00000000cc100000|100%| E|CS|TAMS 0x00000000cc000000, 0x00000000cc000000| Complete 
|  51|0x00000000cc100000, 0x00000000cc200000, 0x00000000cc200000|100%| E|CS|TAMS 0x00000000cc100000, 0x00000000cc100000| Complete 
|  52|0x00000000cc200000, 0x00000000cc300000, 0x00000000cc300000|100%| E|CS|TAMS 0x00000000cc200000, 0x00000000cc200000| Complete 
|  53|0x00000000cc300000, 0x00000000cc400000, 0x00000000cc400000|100%| E|CS|TAMS 0x00000000cc300000, 0x00000000cc300000| Complete 
|  54|0x00000000cc400000, 0x00000000cc500000, 0x00000000cc500000|100%| E|CS|TAMS 0x00000000cc400000, 0x00000000cc400000| Complete 
|  55|0x00000000cc500000, 0x00000000cc600000, 0x00000000cc600000|100%| E|CS|TAMS 0x00000000cc500000, 0x00000000cc500000| Complete 

Card table byte_map: [0x000001507cfd0000,0x000001507d190000] _byte_map_base: 0x000001507c989000

Marking Bits (Prev, Next): (CMBitMap*) 0x00000150750b1c70, (CMBitMap*) 0x00000150750b1cb0
 Prev Bits: [0x000001507d350000, 0x000001507e118000)
 Next Bits: [0x000001507e120000, 0x000001507eee8000)

Polling page: 0x0000015073010000

Metaspace:

Usage:
  Non-class:      5.95 MB used.
      Class:    711.44 KB used.
       Both:      6.65 MB used.

Virtual space:
  Non-class space:       64.00 MB reserved,       6.00 MB (  9%) committed,  1 nodes.
      Class space:        1.00 GB reserved,     832.00 KB ( <1%) committed,  1 nodes.
             Both:        1.06 GB reserved,       6.81 MB ( <1%) committed. 

Chunk freelists:
   Non-Class:  1.00 MB
       Class:  3.23 MB
        Both:  4.23 MB

MaxMetaspaceSize: unlimited
CompressedClassSpaceSize: 1.00 GB
Initial GC threshold: 21.00 MB
Current GC threshold: 21.00 MB
CDS: on
MetaspaceReclaimPolicy: balanced
 - commit_granule_bytes: 65536.
 - commit_granule_words: 8192.
 - virtual_space_node_default_size: 8388608.
 - enlarge_chunks_in_place: 1.
 - new_chunks_are_fully_committed: 0.
 - uncommit_free_chunks: 1.
 - use_allocation_guard: 0.


Internal statistics:

num_allocs_failed_limit: 0.
num_arena_births: 150.
num_arena_deaths: 0.
num_vsnodes_births: 2.
num_vsnodes_deaths: 0.
num_space_committed: 109.
num_space_uncommitted: 0.
num_chunks_returned_to_freelist: 0.
num_chunks_taken_from_freelist: 161.
num_chunk_merges: 0.
num_chunk_splits: 111.
num_chunks_enlarged: 73.
num_inconsistent_stats: 0.

CodeHeap 'non-profiled nmethods': size=120000Kb used=264Kb max_used=264Kb free=119735Kb
 bounds [0x0000015007ad0000, 0x0000015007d40000, 0x000001500f000000]
CodeHeap 'profiled nmethods': size=120000Kb used=1303Kb max_used=1303Kb free=118696Kb
 bounds [0x0000015000000000, 0x0000015000270000, 0x0000015007530000]
CodeHeap 'non-nmethods': size=5760Kb used=1327Kb max_used=1340Kb free=4432Kb
 bounds [0x0000015007530000, 0x00000150077a0000, 0x0000015007ad0000]
 total_blobs=1475 nmethods=914 adapters=472
 compilation: enabled
              stopped_count=0, restarted_count=0
 full_count=0

Compilation events (20 events):
Event: 1.622 Thread 0x000001507f4861e0 nmethod 905 0x0000015000140f90 code [0x0000015000141160, 0x0000015000141618]
Event: 1.622 Thread 0x000001507f4861e0  909       3       java.util.HashMap::clear (50 bytes)
Event: 1.622 Thread 0x000001507f4861e0 nmethod 909 0x0000015000141790 code [0x0000015000141940, 0x0000015000141d18]
Event: 1.622 Thread 0x000001507f4861e0  907       3       javax.swing.text.StyleContext$KeyEnumeration::hasMoreElements (18 bytes)
Event: 1.623 Thread 0x000001507f4861e0 nmethod 907 0x0000015000141e10 code [0x0000015000141fa0, 0x0000015000142118]
Event: 1.623 Thread 0x000001507f4861e0  908       3       javax.swing.text.AbstractDocument$AbstractElement::getAttributes (2 bytes)
Event: 1.623 Thread 0x000001507f4861e0 nmethod 908 0x0000015000142210 code [0x00000150001423a0, 0x00000150001424b8]
Event: 1.623 Thread 0x000001507f4861e0  906       3       java.util.Vector::elementData (7 bytes)
Event: 1.624 Thread 0x000001507f4861e0 nmethod 906 0x0000015000142590 code [0x0000015000142720, 0x0000015000142858]
Event: 1.624 Thread 0x000001507f4861e0  903       3       javax.swing.text.StyleContext::reclaim (17 bytes)
Event: 1.625 Thread 0x000001507f4861e0 nmethod 903 0x0000015000142910 code [0x0000015000142b40, 0x00000150001431e8]
Event: 1.625 Thread 0x000001507f4861e0  904       3       javax.swing.SwingUtilities::isEventDispatchThread (4 bytes)
Event: 1.625 Thread 0x000001507f4861e0 nmethod 904 0x0000015000143490 code [0x00000150001436a0, 0x0000015000143bb8]
Event: 1.629 Thread 0x000001507f4861e0  911  s    3       java.util.Vector::removeAllElements (43 bytes)
Event: 1.630 Thread 0x000001507f4861e0 nmethod 911 0x0000015000143e10 code [0x0000015000143fe0, 0x0000015000144418]
Event: 1.630 Thread 0x000001507f4861e0  914       3       javax.swing.text.StyleContext$NamedStyle::getAttribute (11 bytes)
Event: 1.631 Thread 0x000001507f4861e0 nmethod 914 0x0000015000144590 code [0x0000015000144740, 0x0000015000144908]
Event: 1.631 Thread 0x000001507f4861e0  912       3       javax.swing.text.SimpleAttributeSet::removeAttributes (69 bytes)
Event: 1.632 Thread 0x000001507f4861e0 nmethod 912 0x0000015000144a10 code [0x0000015000144c60, 0x0000015000145638]
Event: 1.632 Thread 0x000001507f4861e0  913       3       java.util.LinkedHashMap::clear (15 bytes)

GC Heap History (0 events):
No events

Dll operation events (8 events):
Event: 0.037 Loaded shared library C:\Program Files\Java\jdk-19\bin\java.dll
Event: 0.074 Loaded shared library C:\Program Files\Java\jdk-19\bin\jsvml.dll
Event: 0.246 Loaded shared library C:\Program Files\Java\jdk-19\bin\net.dll
Event: 0.251 Loaded shared library C:\Program Files\Java\jdk-19\bin\nio.dll
Event: 0.362 Loaded shared library C:\Program Files\Java\jdk-19\bin\jimage.dll
Event: 0.409 Loaded shared library C:\Program Files\Java\jdk-19\bin\awt.dll
Event: 1.273 Loaded shared library C:\Program Files\Java\jdk-19\bin\freetype.dll
Event: 1.276 Loaded shared library C:\Program Files\Java\jdk-19\bin\fontmanager.dll

Deoptimization events (20 events):
Event: 1.466 Thread 0x0000015072fae800 Uncommon trap: trap_request=0xffffffde fr.pc=0x0000015007aea23c relative=0x000000000000019c
Event: 1.466 Thread 0x0000015072fae800 Uncommon trap: reason=class_check action=maybe_recompile pc=0x0000015007aea23c method=java.lang.String.equals(Ljava/lang/Object;)Z @ 8 c2
Event: 1.466 Thread 0x0000015072fae800 DEOPT PACKING pc=0x0000015007aea23c sp=0x00000025f00fe320
Event: 1.466 Thread 0x0000015072fae800 DEOPT UNPACKING pc=0x0000015007596da3 sp=0x00000025f00fe2c8 mode 2
Event: 1.468 Thread 0x0000015072fae800 Uncommon trap: trap_request=0xffffffde fr.pc=0x0000015007aea23c relative=0x000000000000019c
Event: 1.468 Thread 0x0000015072fae800 Uncommon trap: reason=class_check action=maybe_recompile pc=0x0000015007aea23c method=java.lang.String.equals(Ljava/lang/Object;)Z @ 8 c2
Event: 1.468 Thread 0x0000015072fae800 DEOPT PACKING pc=0x0000015007aea23c sp=0x00000025f00fe9f0
Event: 1.468 Thread 0x0000015072fae800 DEOPT UNPACKING pc=0x0000015007596da3 sp=0x00000025f00fe998 mode 2
Event: 1.473 Thread 0x0000015072fae800 Uncommon trap: trap_request=0xffffffde fr.pc=0x0000015007aea23c relative=0x000000000000019c
Event: 1.473 Thread 0x0000015072fae800 Uncommon trap: reason=class_check action=maybe_recompile pc=0x0000015007aea23c method=java.lang.String.equals(Ljava/lang/Object;)Z @ 8 c2
Event: 1.473 Thread 0x0000015072fae800 DEOPT PACKING pc=0x0000015007aea23c sp=0x00000025f00fe800
Event: 1.473 Thread 0x0000015072fae800 DEOPT UNPACKING pc=0x0000015007596da3 sp=0x00000025f00fe7a8 mode 2
Event: 1.627 Thread 0x0000015072fae800 Uncommon trap: trap_request=0xffffff45 fr.pc=0x0000015007b033d8 relative=0x0000000000000138
Event: 1.627 Thread 0x0000015072fae800 Uncommon trap: reason=unstable_if action=reinterpret pc=0x0000015007b033d8 method=java.util.concurrent.locks.ReentrantLock$NonfairSync.initialTryLock()Z @ 10 c2
Event: 1.627 Thread 0x0000015072fae800 DEOPT PACKING pc=0x0000015007b033d8 sp=0x00000025f00fda40
Event: 1.627 Thread 0x0000015072fae800 DEOPT UNPACKING pc=0x0000015007596da3 sp=0x00000025f00fd9e8 mode 2
Event: 1.629 Thread 0x0000015072fae800 Uncommon trap: trap_request=0xffffff45 fr.pc=0x0000015007b11ce0 relative=0x00000000000000c0
Event: 1.629 Thread 0x0000015072fae800 Uncommon trap: reason=unstable_if action=reinterpret pc=0x0000015007b11ce0 method=java.util.concurrent.locks.ReentrantLock$Sync.tryRelease(I)Z @ 26 c2
Event: 1.629 Thread 0x0000015072fae800 DEOPT PACKING pc=0x0000015007b11ce0 sp=0x00000025f00fda80
Event: 1.629 Thread 0x0000015072fae800 DEOPT UNPACKING pc=0x0000015007596da3 sp=0x00000025f00fd970 mode 2

Classes loaded (20 events):
Event: 1.627 Loading class java/awt/EventQueue$6 done
Event: 1.628 Loading class java/awt/EventDispatchThread
Event: 1.628 Loading class java/awt/EventDispatchThread done
Event: 1.630 Loading class java/awt/EventDispatchThread$1
Event: 1.630 Loading class java/awt/Conditional
Event: 1.630 Loading class java/awt/Conditional done
Event: 1.630 Loading class sun/swing/SwingUtilities2$KeyPair
Event: 1.630 Loading class java/awt/EventDispatchThread$1 done
Event: 1.630 Loading class java/awt/EventDispatchThread$HierarchyEventFilter
Event: 1.630 Loading class sun/swing/SwingUtilities2$KeyPair done
Event: 1.630 Loading class java/awt/EventFilter
Event: 1.630 Loading class java/awt/EventFilter done
Event: 1.630 Loading class java/awt/EventDispatchThread$HierarchyEventFilter done
Event: 1.631 Loading class java/awt/ModalEventFilter
Event: 1.631 Loading class java/awt/ModalEventFilter done
Event: 1.631 Loading class java/awt/EventFilter$FilterAction
Event: 1.631 Loading class java/awt/EventFilter$FilterAction done
Event: 1.631 Loading class sun/awt/dnd/SunDragSourceContextPeer
Event: 1.632 Loading class java/awt/dnd/peer/DragSourceContextPeer
Event: 1.632 Loading class java/awt/dnd/peer/DragSourceContextPeer done

Classes unloaded (0 events):
No events

Classes redefined (0 events):
No events

Internal exceptions (20 events):
Event: 1.357 Thread 0x0000015072fae800 Exception <a 'java/io/FileNotFoundException'{0x00000000cc0f94d0}> (0x00000000cc0f94d0) 
thrown [s\open\src\hotspot\share\prims\jni.cpp, line 517]
Event: 1.359 Thread 0x0000015072fae800 Exception <a 'java/io/FileNotFoundException'{0x00000000cc0fa8b8}> (0x00000000cc0fa8b8) 
thrown [s\open\src\hotspot\share\prims\jni.cpp, line 517]
Event: 1.359 Thread 0x0000015072fae800 Exception <a 'java/io/FileNotFoundException'{0x00000000cc0fba58}> (0x00000000cc0fba58) 
thrown [s\open\src\hotspot\share\prims\jni.cpp, line 517]
Event: 1.359 Thread 0x0000015072fae800 Exception <a 'java/io/FileNotFoundException'{0x00000000cc0fcc50}> (0x00000000cc0fcc50) 
thrown [s\open\src\hotspot\share\prims\jni.cpp, line 517]
Event: 1.359 Thread 0x0000015072fae800 Exception <a 'java/io/FileNotFoundException'{0x00000000cc0fde30}> (0x00000000cc0fde30) 
thrown [s\open\src\hotspot\share\prims\jni.cpp, line 517]
Event: 1.360 Thread 0x0000015072fae800 Exception <a 'java/io/FileNotFoundException'{0x00000000cc0ff028}> (0x00000000cc0ff028) 
thrown [s\open\src\hotspot\share\prims\jni.cpp, line 517]
Event: 1.360 Thread 0x0000015072fae800 Exception <a 'java/io/FileNotFoundException'{0x00000000cbf004a8}> (0x00000000cbf004a8) 
thrown [s\open\src\hotspot\share\prims\jni.cpp, line 517]
Event: 1.374 Thread 0x0000015072fae800 Exception <a 'java/io/FileNotFoundException'{0x00000000cbf085f8}> (0x00000000cbf085f8) 
thrown [s\open\src\hotspot\share\prims\jni.cpp, line 517]
Event: 1.377 Thread 0x0000015072fae800 Exception <a 'java/io/FileNotFoundException'{0x00000000cbf0b4f0}> (0x00000000cbf0b4f0) 
thrown [s\open\src\hotspot\share\prims\jni.cpp, line 517]
Event: 1.377 Thread 0x0000015072fae800 Exception <a 'java/io/FileNotFoundException'{0x00000000cbf0c6e0}> (0x00000000cbf0c6e0) 
thrown [s\open\src\hotspot\share\prims\jni.cpp, line 517]
Event: 1.386 Thread 0x0000015072fae800 Exception <a 'java/io/FileNotFoundException'{0x00000000cbf17298}> (0x00000000cbf17298) 
thrown [s\open\src\hotspot\share\prims\jni.cpp, line 517]
Event: 1.386 Thread 0x0000015072fae800 Exception <a 'java/io/FileNotFoundException'{0x00000000cbf18490}> (0x00000000cbf18490) 
thrown [s\open\src\hotspot\share\prims\jni.cpp, line 517]
Event: 1.386 Thread 0x0000015072fae800 Exception <a 'java/io/FileNotFoundException'{0x00000000cbf19630}> (0x00000000cbf19630) 
thrown [s\open\src\hotspot\share\prims\jni.cpp, line 517]
Event: 1.387 Thread 0x0000015072fae800 Exception <a 'java/io/FileNotFoundException'{0x00000000cbf1a828}> (0x00000000cbf1a828) 
thrown [s\open\src\hotspot\share\prims\jni.cpp, line 517]
Event: 1.387 Thread 0x0000015072fae800 Exception <a 'java/io/FileNotFoundException'{0x00000000cbf1ba08}> (0x00000000cbf1ba08) 
thrown [s\open\src\hotspot\share\prims\jni.cpp, line 517]
Event: 1.389 Thread 0x0000015072fae800 Exception <a 'java/io/FileNotFoundException'{0x00000000cbf1e8f8}> (0x00000000cbf1e8f8) 
thrown [s\open\src\hotspot\share\prims\jni.cpp, line 517]
Event: 1.390 Thread 0x0000015072fae800 Exception <a 'java/io/FileNotFoundException'{0x00000000cbf1fab0}> (0x00000000cbf1fab0) 
thrown [s\open\src\hotspot\share\prims\jni.cpp, line 517]
Event: 1.391 Thread 0x0000015072fae800 Exception <a 'java/io/FileNotFoundException'{0x00000000cbf220d8}> (0x00000000cbf220d8) 
thrown [s\open\src\hotspot\share\prims\jni.cpp, line 517]
Event: 1.394 Thread 0x0000015072fae800 Exception <a 'java/io/FileNotFoundException'{0x00000000cbf24f30}> (0x00000000cbf24f30) 
thrown [s\open\src\hotspot\share\prims\jni.cpp, line 517]
Event: 1.394 Thread 0x0000015072fae800 Exception <a 'java/io/FileNotFoundException'{0x00000000cbf26120}> (0x00000000cbf26120) 
thrown [s\open\src\hotspot\share\prims\jni.cpp, line 517]

VM Operations (6 events):
Event: 0.267 Executing VM operation: HandshakeAllThreads
Event: 0.267 Executing VM operation: HandshakeAllThreads done
Event: 0.506 Executing VM operation: HandshakeAllThreads
Event: 0.506 Executing VM operation: HandshakeAllThreads done
Event: 1.503 Executing VM operation: Cleanup
Event: 1.505 Executing VM operation: Cleanup done

Events (16 events):
Event: 0.075 Thread 0x0000015072fae800 Thread added: 0x0000015072fae800
Event: 0.112 Thread 0x000001507f46a8d0 Thread added: 0x000001507f46a8d0
Event: 0.112 Thread 0x000001507f46b6c0 Thread added: 0x000001507f46b6c0
Event: 0.114 Thread 0x000001507f472840 Thread added: 0x000001507f472840
Event: 0.114 Thread 0x000001507f474380 Thread added: 0x000001507f474380
Event: 0.115 Thread 0x000001507f476dc0 Thread added: 0x000001507f476dc0
Event: 0.115 Thread 0x000001507f47cc00 Thread added: 0x000001507f47cc00
Event: 0.116 Thread 0x000001507f47d860 Thread added: 0x000001507f47d860
Event: 0.116 Thread 0x000001507f4861e0 Thread added: 0x000001507f4861e0
Event: 0.117 Thread 0x000001507f493390 Thread added: 0x000001507f493390
Event: 0.207 Thread 0x000001507f4958c0 Thread added: 0x000001507f4958c0
Event: 0.319 Thread 0x000001507f4938e0 Thread added: 0x000001507f4938e0
Event: 0.684 Thread 0x000001507f495e10 Thread added: 0x000001507f495e10
Event: 0.688 Thread 0x000001507f4968b0 Thread added: 0x000001507f4968b0
Event: 0.697 Thread 0x000001507f494e20 Thread added: 0x000001507f494e20
Event: 1.629 Thread 0x000001507f4948d0 Thread added: 0x000001507f4948d0


Dynamic libraries:
0x00007ff79e100000 - 0x00007ff79e110000 	C:\Program Files\Java\jdk-19\bin\java.exe
0x00007ffb96f10000 - 0x00007ffb97127000 	C:\WINDOWS\SYSTEM32\ntdll.dll
0x00007ffb6bbe0000 - 0x00007ffb6bbfa000 	C:\Program Files\Avast Software\Avast\aswhook.dll
0x00007ffb953f0000 - 0x00007ffb954b4000 	C:\WINDOWS\System32\KERNEL32.DLL
0x00007ffb94600000 - 0x00007ffb949ad000 	C:\WINDOWS\System32\KERNELBASE.dll
0x00007ffb94230000 - 0x00007ffb94341000 	C:\WINDOWS\System32\ucrtbase.dll
0x00007ffb6fa60000 - 0x00007ffb6fa7b000 	C:\Program Files\Java\jdk-19\bin\VCRUNTIME140.dll
0x00007ffb664a0000 - 0x00007ffb664b8000 	C:\Program Files\Java\jdk-19\bin\jli.dll
0x00007ffb94fe0000 - 0x00007ffb95092000 	C:\WINDOWS\System32\ADVAPI32.dll
0x00007ffb96e20000 - 0x00007ffb96ec7000 	C:\WINDOWS\System32\msvcrt.dll
0x00007ffb95340000 - 0x00007ffb953e9000 	C:\WINDOWS\System32\sechost.dll
0x00007ffb949b0000 - 0x00007ffb949d8000 	C:\WINDOWS\System32\bcrypt.dll
0x00007ffb96610000 - 0x00007ffb96724000 	C:\WINDOWS\System32\RPCRT4.dll
0x00007ffb959b0000 - 0x00007ffb95b5e000 	C:\WINDOWS\System32\USER32.dll
0x00007ffb94a50000 - 0x00007ffb94a76000 	C:\WINDOWS\System32\win32u.dll
0x00007ffb80f90000 - 0x00007ffb81223000 	C:\WINDOWS\WinSxS\amd64_microsoft.windows.common-controls_6595b64144ccf1df_6.0.22621.3672_none_2713b9d173822955\COMCTL32.dll
0x00007ffb96db0000 - 0x00007ffb96dd9000 	C:\WINDOWS\System32\GDI32.dll
0x00007ffb94a80000 - 0x00007ffb94b99000 	C:\WINDOWS\System32\gdi32full.dll
0x00007ffb94ba0000 - 0x00007ffb94c3a000 	C:\WINDOWS\System32\msvcp_win.dll
0x00007ffb8cfb0000 - 0x00007ffb8cfba000 	C:\WINDOWS\SYSTEM32\VERSION.dll
0x00007ffb96de0000 - 0x00007ffb96e11000 	C:\WINDOWS\System32\IMM32.DLL
0x00007ffb88110000 - 0x00007ffb8811c000 	C:\Program Files\Java\jdk-19\bin\vcruntime140_1.dll
0x00007ffb3d5a0000 - 0x00007ffb3d62e000 	C:\Program Files\Java\jdk-19\bin\msvcp140.dll
0x00007ffb28fc0000 - 0x00007ffb29c80000 	C:\Program Files\Java\jdk-19\bin\server\jvm.dll
0x00007ffb7abb0000 - 0x00007ffb7abb9000 	C:\WINDOWS\SYSTEM32\WSOCK32.dll
0x00007ffb901d0000 - 0x00007ffb90204000 	C:\WINDOWS\SYSTEM32\WINMM.dll
0x00007ffb950a0000 - 0x00007ffb95111000 	C:\WINDOWS\System32\WS2_32.dll
0x00007ffb93240000 - 0x00007ffb93258000 	C:\WINDOWS\SYSTEM32\kernel.appcore.dll
0x00007ffb6e4a0000 - 0x00007ffb6e4aa000 	C:\Program Files\Java\jdk-19\bin\jimage.dll
0x00007ffb8ca90000 - 0x00007ffb8ccc2000 	C:\WINDOWS\SYSTEM32\DBGHELP.DLL
0x00007ffb94c50000 - 0x00007ffb94fde000 	C:\WINDOWS\System32\combase.dll
0x00007ffb969a0000 - 0x00007ffb96a77000 	C:\WINDOWS\System32\OLEAUT32.dll
0x00007ffb87ec0000 - 0x00007ffb87ef2000 	C:\WINDOWS\SYSTEM32\dbgcore.DLL
0x00007ffb94580000 - 0x00007ffb945fb000 	C:\WINDOWS\System32\bcryptPrimitives.dll
0x00007ffb55bc0000 - 0x00007ffb55be6000 	C:\Program Files\Java\jdk-19\bin\java.dll
0x00007ffb3dd20000 - 0x00007ffb3ddf7000 	C:\Program Files\Java\jdk-19\bin\jsvml.dll
0x00007ffb95da0000 - 0x00007ffb96607000 	C:\WINDOWS\System32\SHELL32.dll
0x00007ffb92160000 - 0x00007ffb92a5f000 	C:\WINDOWS\SYSTEM32\windows.storage.dll
0x00007ffb92020000 - 0x00007ffb9215f000 	C:\WINDOWS\SYSTEM32\wintypes.dll
0x00007ffb96c30000 - 0x00007ffb96d29000 	C:\WINDOWS\System32\SHCORE.dll
0x00007ffb95120000 - 0x00007ffb9517e000 	C:\WINDOWS\System32\shlwapi.dll
0x00007ffb94160000 - 0x00007ffb94187000 	C:\WINDOWS\SYSTEM32\profapi.dll
0x00007ffb6ba20000 - 0x00007ffb6ba33000 	C:\Program Files\Java\jdk-19\bin\net.dll
0x00007ffb8e2b0000 - 0x00007ffb8e3e6000 	C:\WINDOWS\SYSTEM32\WINHTTP.dll
0x00007ffb936b0000 - 0x00007ffb93719000 	C:\WINDOWS\system32\mswsock.dll
0x00007ffb685d0000 - 0x00007ffb685e6000 	C:\Program Files\Java\jdk-19\bin\nio.dll
0x00007ffb3c170000 - 0x00007ffb3c301000 	C:\Program Files\Java\jdk-19\bin\awt.dll
0x00007ffb906e0000 - 0x00007ffb90777000 	C:\WINDOWS\SYSTEM32\apphelp.dll
0x00007ffb919b0000 - 0x00007ffb919db000 	C:\WINDOWS\system32\DWMAPI.DLL
0x00007ffb91770000 - 0x00007ffb91821000 	C:\WINDOWS\system32\uxtheme.dll
0x00007ffb38750000 - 0x00007ffb38850000 	C:\WINDOWS\system32\opengl32.dll
0x00007ffb50210000 - 0x00007ffb5023d000 	C:\WINDOWS\SYSTEM32\GLU32.dll
0x00007ffb91860000 - 0x00007ffb91897000 	C:\WINDOWS\SYSTEM32\dxcore.dll
0x00007ffb95b60000 - 0x00007ffb95cbe000 	C:\WINDOWS\System32\MSCTF.dll
0x00007ffb96a80000 - 0x00007ffb96c25000 	C:\WINDOWS\System32\ole32.dll
0x00007ffb46950000 - 0x00007ffb46af8000 	C:\WINDOWS\system32\d3d9.dll
0x00007ffb8abb0000 - 0x00007ffb8ad68000 	C:\WINDOWS\System32\DriverStore\FileRepository\u0376648.inf_amd64_10263edfe9a1aa63\B374868\aticfx64.dll
0x00007ffb56270000 - 0x00007ffb562a4000 	C:\WINDOWS\System32\DriverStore\FileRepository\u0376648.inf_amd64_10263edfe9a1aa63\B374868\atiu9p64.dll
0x00007ffb38b90000 - 0x00007ffb398e4000 	C:\WINDOWS\System32\DriverStore\FileRepository\u0376648.inf_amd64_10263edfe9a1aa63\B374868\atiumd64.dll
0x00000000682a0000 - 0x0000000069113000 	C:\WINDOWS\System32\DriverStore\FileRepository\u0376648.inf_amd64_10263edfe9a1aa63\B374868\atiumd6a.dll
0x00007ffb95510000 - 0x00007ffb95984000 	C:\WINDOWS\System32\SETUPAPI.dll
0x00007ffb94100000 - 0x00007ffb9414d000 	C:\WINDOWS\SYSTEM32\POWRPROF.dll
0x00007ffb940e0000 - 0x00007ffb940f3000 	C:\WINDOWS\SYSTEM32\UMPDC.dll
0x00007ffb8ae00000 - 0x00007ffb8ae30000 	C:\WINDOWS\SYSTEM32\amdihk64.dll
0x00007ffb8d930000 - 0x00007ffb8d979000 	C:\WINDOWS\SYSTEM32\directxdatabasehelper.dll
0x00007ffb37d80000 - 0x00007ffb37e06000 	C:\Program Files\Java\jdk-19\bin\freetype.dll
0x00007ffb2ecb0000 - 0x00007ffb2ed75000 	C:\Program Files\Java\jdk-19\bin\fontmanager.dll

dbghelp: loaded successfully - version: 4.0.5 - missing functions: none
symbol engine: initialized successfully - sym options: 0x614 - pdb path: .;C:\Program Files\Java\jdk-19\bin;C:\WINDOWS\SYSTEM32;C:\Program Files\Avast Software\Avast;C:\WINDOWS\WinSxS\amd64_microsoft.windows.common-controls_6595b64144ccf1df_6.0.22621.3672_none_2713b9d173822955;C:\Program Files\Java\jdk-19\bin\server;C:\WINDOWS\System32\DriverStore\FileRepository\u0376648.inf_amd64_10263edfe9a1aa63\B374868

VM Arguments:
jvm_args: -Dfile.encoding=UTF-8 --module-path=C:\Users\hp\OneDrive\Documents\NetBeansProjects\Quiz Application with Timer\build\classes 
java_command: quizapplicationwithtimer.Rules
java_class_path (initial): C:\Users\hp\OneDrive\Documents\NetBeansProjects\Quiz Application with Timer\build\classes
Launcher Type: SUN_STANDARD

[Global flags]
     intx CICompilerCount                          = 3                                         {product} {ergonomic}
     uint ConcGCThreads                            = 1                                         {product} {ergonomic}
     uint G1ConcRefinementThreads                  = 4                                         {product} {ergonomic}
   size_t G1HeapRegionSize                         = 1048576                                   {product} {ergonomic}
    uintx GCDrainStackTargetSize                   = 64                                        {product} {ergonomic}
   size_t InitialHeapSize                          = 58720256                                  {product} {ergonomic}
   size_t MarkStackSize                            = 4194304                                   {product} {ergonomic}
   size_t MaxHeapSize                              = 924844032                                 {product} {ergonomic}
   size_t MaxNewSize                               = 554696704                                 {product} {ergonomic}
   size_t MinHeapDeltaBytes                        = 1048576                                   {product} {ergonomic}
   size_t MinHeapSize                              = 8388608                                   {product} {ergonomic}
    uintx NonNMethodCodeHeapSize                   = 5832780                                {pd product} {ergonomic}
    uintx NonProfiledCodeHeapSize                  = 122912730                              {pd product} {ergonomic}
    uintx ProfiledCodeHeapSize                     = 122912730                              {pd product} {ergonomic}
    uintx ReservedCodeCacheSize                    = 251658240                              {pd product} {ergonomic}
     bool SegmentedCodeCache                       = true                                      {product} {ergonomic}
   size_t SoftMaxHeapSize                          = 924844032                              {manageable} {ergonomic}
     bool UseCompressedClassPointers               = true                           {product lp64_product} {ergonomic}
     bool UseCompressedOops                        = true                           {product lp64_product} {ergonomic}
     bool UseG1GC                                  = true                                      {product} {ergonomic}
     bool UseLargePagesIndividualAllocation        = false                                  {pd product} {ergonomic}

Logging:
Log output configuration:
 #0: stdout all=warning uptime,level,tags foldmultilines=false
 #1: stderr all=off uptime,level,tags foldmultilines=false

Environment Variables:
PATH=C:\Program Files\Common Files\Oracle\Java\javapath;C:\WINDOWS\system32;C:\WINDOWS;C:\WINDOWS\System32\Wbem;C:\WINDOWS\System32\WindowsPowerShell\v1.0\;C:\WINDOWS\System32\OpenSSH\;C:\Users\hp\AppData\Local\Programs\Python\Launcher\;C:\Users\hp\AppData\Local\Microsoft\WindowsApps;C:\Users\hp\AppData\Local\Programs\Microsoft VS Code\bin;C:\Program Files\JetBrains\IntelliJ IDEA 2024.2.1\bin;;C:\Users\hp\AppData\Local\GitHubDesktop\bin;C:\ProgramData\hp\GitHubDesktop\bin
USERNAME=hp
OS=Windows_NT
PROCESSOR_IDENTIFIER=AMD64 Family 23 Model 24 Stepping 1, AuthenticAMD
TMP=C:\Users\hp\AppData\Local\Temp
TEMP=C:\Users\hp\AppData\Local\Temp



---------------  S Y S T E M  ---------------

OS:
 Windows 11 , 64 bit Build 22621 (10.0.22621.3958)
OS uptime: 0 days 2:52 hours
Hyper-V role detected

CPU: total 4 (initial active 4) (4 cores per cpu, 2 threads per core) family 23 model 24 stepping 1 microcode 0x0, cx8, cmov, fxsr, ht, mmx, 3dnowpref, sse, sse2, sse3, ssse3, sse4a, sse4.1, sse4.2, popcnt, lzcnt, tsc, tscinvbit, avx, avx2, aes, clmul, bmi1, bmi2, adx, sha, fma, vzeroupper, clflush, clflushopt, hv, rdtscp

Memory: 4k page, system-wide physical 3526M (205M free)
TotalPageFile size 14278M (AvailPageFile size 5M)
current process WorkingSet (physical memory assigned to process): 62M, peak: 62M
current process commit charge ("private bytes"): 152M, peak: 152M

vm_info: Java HotSpot(TM) 64-Bit Server VM (19.0.1+10-21) for windows-amd64 JRE (19.0.1+10-21), built on 2022-09-14T12:45:06Z by "mach5one" with MS VC++ 17.1 (VS2022)

END.
