#
# There is insufficient memory for the Java Runtime Environment to continue.
# Native memory allocation (malloc) failed to allocate 232576 bytes for Chunk::new
# Possible reasons:
#   The system is out of physical RAM or swap space
#   The process is running with CompressedOops enabled, and the Java Heap may be blocking the growth of the native heap
# Possible solutions:
#   Reduce memory load on the system
#   Increase physical memory or swap space
#   Check if swap backing store is full
#   Decrease Java heap size (-Xmx/-Xms)
#   Decrease number of Java threads
#   Decrease Java thread stack sizes (-Xss)
#   Set larger code cache with -XX:ReservedCodeCacheSize=
#   JVM is running with Unscaled Compressed Oops mode in which the Java heap is
#     placed in the first 4GB address space. The Java Heap base address is the
#     maximum limit for the native heap growth. Please use -XX:HeapBaseMinAddress
#     to set the Java Heap base and to place the Java Heap above 4GB virtual address.
# This output file may be truncated or incomplete.
#
#  Out of Memory Error (arena.cpp:184), pid=14696, tid=14408
#
# JRE version: Java(TM) SE Runtime Environment (19.0.1+10) (build 19.0.1+10-21)
# Java VM: Java HotSpot(TM) 64-Bit Server VM (19.0.1+10-21, mixed mode, sharing, tiered, compressed oops, compressed class ptrs, g1 gc, windows-amd64)
# No core dump will be written. Minidumps are not enabled by default on client versions of Windows
#

---------------  S U M M A R Y ------------

Command Line: -Dfile.encoding=UTF-8 --module-path=C:\Users\hp\OneDrive\Documents\NetBeansProjects\Quiz Application with Timer\build\classes quizapplicationwithtimer.Rules

Host: AMD Ryzen 3 3250U with Radeon Graphics         , 4 cores, 3G,  Windows 11 , 64 bit Build 22621 (10.0.22621.3958)
Time: Fri Sep 13 23:23:27 2024 India Standard Time elapsed time: 1.832538 seconds (0d 0h 0m 1s)

---------------  T H R E A D  ---------------

Current thread (0x00000215f8b348e0):  JavaThread "C2 CompilerThread0" daemon [_thread_in_native, id=14408, stack(0x000000abe0f00000,0x000000abe1000000)]


Current CompileTask:
C2:   1833  925   !   4       sun.font.FontDesignMetrics::getMetrics (265 bytes)

Stack: [0x000000abe0f00000,0x000000abe1000000]
Native frames: (J=compiled Java code, j=interpreted, Vv=VM code, C=native code)
V  [jvm.dll+0x6ee8fa]
V  [jvm.dll+0x857a1e]
V  [jvm.dll+0x85940e]
V  [jvm.dll+0x859ac3]
V  [jvm.dll+0x28291f]
V  [jvm.dll+0xc9b5f]
V  [jvm.dll+0xc9ee5]
V  [jvm.dll+0x2f7c6f]
V  [jvm.dll+0x5f0c5b]
V  [jvm.dll+0x254d73]
V  [jvm.dll+0x24dbf0]
V  [jvm.dll+0x24b563]
V  [jvm.dll+0x1d6d61]
V  [jvm.dll+0x25b0fa]
V  [jvm.dll+0x259588]
V  [jvm.dll+0x807928]
V  [jvm.dll+0x8015fa]
V  [jvm.dll+0x6ed5eb]
C  [ucrtbase.dll+0x29333]
C  [KERNEL32.DLL+0x1257d]
C  [ntdll.dll+0x5af28]


---------------  P R O C E S S  ---------------

Threads class SMR info:
_java_thread_list=0x000002158276d190, length=16, elements={
0x00000215dd712740, 0x00000215f8b257c0, 0x00000215f8b26820, 0x00000215f8b30a60,
0x00000215f8b323a0, 0x00000215f8b32cd0, 0x00000215f8b33870, 0x00000215f8b348e0,
0x00000215f8b544e0, 0x00000215f8bb9920, 0x00000215f8bed120, 0x00000215fce45160,
0x00000215fceab5e0, 0x00000215fcf55fd0, 0x00000215fcf9d5b0, 0x000002158287f330
}

Java Threads: ( => current thread )
  0x00000215dd712740 JavaThread "main" [_thread_in_vm, id=10544, stack(0x000000abe0200000,0x000000abe0300000)]
  0x00000215f8b257c0 JavaThread "Reference Handler" daemon [_thread_blocked, id=14356, stack(0x000000abe0900000,0x000000abe0a00000)]
  0x00000215f8b26820 JavaThread "Finalizer" daemon [_thread_blocked, id=824, stack(0x000000abe0a00000,0x000000abe0b00000)]
  0x00000215f8b30a60 JavaThread "Signal Dispatcher" daemon [_thread_blocked, id=6048, stack(0x000000abe0b00000,0x000000abe0c00000)]
  0x00000215f8b323a0 JavaThread "Attach Listener" daemon [_thread_blocked, id=14836, stack(0x000000abe0c00000,0x000000abe0d00000)]
  0x00000215f8b32cd0 JavaThread "Service Thread" daemon [_thread_blocked, id=720, stack(0x000000abe0d00000,0x000000abe0e00000)]
  0x00000215f8b33870 JavaThread "Monitor Deflation Thread" daemon [_thread_blocked, id=14352, stack(0x000000abe0e00000,0x000000abe0f00000)]
=>0x00000215f8b348e0 JavaThread "C2 CompilerThread0" daemon [_thread_in_native, id=14408, stack(0x000000abe0f00000,0x000000abe1000000)]
  0x00000215f8b544e0 JavaThread "C1 CompilerThread0" daemon [_thread_blocked, id=14708, stack(0x000000abe1000000,0x000000abe1100000)]
  0x00000215f8bb9920 JavaThread "Sweeper thread" daemon [_thread_blocked, id=10788, stack(0x000000abe1100000,0x000000abe1200000)]
  0x00000215f8bed120 JavaThread "Common-Cleaner" daemon [_thread_blocked, id=13884, stack(0x000000abe1200000,0x000000abe1300000)]
  0x00000215fce45160 JavaThread "Notification Thread" daemon [_thread_blocked, id=14416, stack(0x000000abe1300000,0x000000abe1400000)]
  0x00000215fceab5e0 JavaThread "Java2D Disposer" daemon [_thread_blocked, id=10448, stack(0x000000abe1500000,0x000000abe1600000)]
  0x00000215fcf55fd0 JavaThread "AWT-Shutdown" [_thread_blocked, id=15168, stack(0x000000abe1600000,0x000000abe1700000)]
  0x00000215fcf9d5b0 JavaThread "AWT-Windows" daemon [_thread_in_native, id=15184, stack(0x000000abe1700000,0x000000abe1800000)]
  0x000002158287f330 JavaThread "AWT-EventQueue-0" [_thread_blocked, id=10068, stack(0x000000abe1e00000,0x000000abe1f00000)]

Other Threads:
  0x00000215f8b11070 VMThread "VM Thread" [stack: 0x000000abe0800000,0x000000abe0900000] [id=11036]
  0x00000215fce461a0 WatcherThread "VM Periodic Task Thread" [stack: 0x000000abe1400000,0x000000abe1500000] [id=15196]
  0x00000215dd74f770 WorkerThread "GC Thread#0" [stack: 0x000000abe0300000,0x000000abe0400000] [id=14484]
  0x00000215dd758520 ConcurrentGCThread "G1 Main Marker" [stack: 0x000000abe0400000,0x000000abe0500000] [id=15140]
  0x00000215dd759360 WorkerThread "G1 Conc#0" [stack: 0x000000abe0500000,0x000000abe0600000] [id=5200]
  0x00000215dd7aa110 ConcurrentGCThread "G1 Refine#0" [stack: 0x000000abe0600000,0x000000abe0700000] [id=14792]
  0x00000215dd7aac50 ConcurrentGCThread "G1 Service" [stack: 0x000000abe0700000,0x000000abe0800000] [id=15120]

Threads with active compile tasks:
C2 CompilerThread0     2286  925   !   4       sun.font.FontDesignMetrics::getMetrics (265 bytes)

VM state: not at safepoint (normal execution)

VM Mutex/Monitor currently owned by a thread: None

Heap address: 0x00000000c8e00000, size: 882 MB, Compressed Oops mode: 32-bit

CDS archive(s) mapped at: [0x0000000800000000-0x0000000800c40000-0x0000000800c40000), size 12845056, SharedBaseAddress: 0x0000000800000000, ArchiveRelocationMode: 0.
Compressed class space mapped at: 0x0000000801000000-0x0000000841000000, reserved size: 1073741824
Narrow klass base: 0x0000000800000000, Narrow klass shift: 0, Narrow klass range: 0x100000000

GC Precious Log:
 CardTable entry size: 512
 Card Set container configuration: InlinePtr #cards 5 size 8 Array Of Cards #cards 12 size 40 Howl #buckets 4 coarsen threshold 1843 Howl Bitmap #cards 512 size 80 coarsen threshold 460 Card regions per heap region 1 cards per card region 2048
 CPUs: 4 total, 4 available
 Memory: 3526M
 Large Page Support: Disabled
 NUMA Support: Disabled
 Compressed Oops: Enabled (32-bit)
 Heap Region Size: 1M
 Heap Min Capacity: 8M
 Heap Initial Capacity: 56M
 Heap Max Capacity: 882M
 Pre-touch: Disabled
 Parallel Workers: 4
 Concurrent Workers: 1
 Concurrent Refinement Workers: 4
 Periodic GC: Disabled

Heap:
 garbage-first heap   total 57344K, used 8192K [0x00000000c8e00000, 0x0000000100000000)
  region size 1024K, 9 young (9216K), 0 survivors (0K)
 Metaspace       used 7547K, committed 7808K, reserved 1114112K
  class space    used 807K, committed 896K, reserved 1048576K

Heap Regions: E=young(eden), S=young(survivor), O=old, HS=humongous(starts), HC=humongous(continues), CS=collection set, F=free, OA=open archive, CA=closed archive, TAMS=top-at-mark-start (previous, next)
|   0|0x00000000c8e00000, 0x00000000c8e00000, 0x00000000c8f00000|  0%| F|  |TAMS 0x00000000c8e00000, 0x00000000c8e00000| Untracked 
|   1|0x00000000c8f00000, 0x00000000c8f00000, 0x00000000c9000000|  0%| F|  |TAMS 0x00000000c8f00000, 0x00000000c8f00000| Untracked 
|   2|0x00000000c9000000, 0x00000000c9000000, 0x00000000c9100000|  0%| F|  |TAMS 0x00000000c9000000, 0x00000000c9000000| Untracked 
|   3|0x00000000c9100000, 0x00000000c9100000, 0x00000000c9200000|  0%| F|  |TAMS 0x00000000c9100000, 0x00000000c9100000| Untracked 
|   4|0x00000000c9200000, 0x00000000c9200000, 0x00000000c9300000|  0%| F|  |TAMS 0x00000000c9200000, 0x00000000c9200000| Untracked 
|   5|0x00000000c9300000, 0x00000000c9300000, 0x00000000c9400000|  0%| F|  |TAMS 0x00000000c9300000, 0x00000000c9300000| Untracked 
|   6|0x00000000c9400000, 0x00000000c9400000, 0x00000000c9500000|  0%| F|  |TAMS 0x00000000c9400000, 0x00000000c9400000| Untracked 
|   7|0x00000000c9500000, 0x00000000c9500000, 0x00000000c9600000|  0%| F|  |TAMS 0x00000000c9500000, 0x00000000c9500000| Untracked 
|   8|0x00000000c9600000, 0x00000000c9600000, 0x00000000c9700000|  0%| F|  |TAMS 0x00000000c9600000, 0x00000000c9600000| Untracked 
|   9|0x00000000c9700000, 0x00000000c9700000, 0x00000000c9800000|  0%| F|  |TAMS 0x00000000c9700000, 0x00000000c9700000| Untracked 
|  10|0x00000000c9800000, 0x00000000c9800000, 0x00000000c9900000|  0%| F|  |TAMS 0x00000000c9800000, 0x00000000c9800000| Untracked 
|  11|0x00000000c9900000, 0x00000000c9900000, 0x00000000c9a00000|  0%| F|  |TAMS 0x00000000c9900000, 0x00000000c9900000| Untracked 
|  12|0x00000000c9a00000, 0x00000000c9a00000, 0x00000000c9b00000|  0%| F|  |TAMS 0x00000000c9a00000, 0x00000000c9a00000| Untracked 
|  13|0x00000000c9b00000, 0x00000000c9b00000, 0x00000000c9c00000|  0%| F|  |TAMS 0x00000000c9b00000, 0x00000000c9b00000| Untracked 
|  14|0x00000000c9c00000, 0x00000000c9c00000, 0x00000000c9d00000|  0%| F|  |TAMS 0x00000000c9c00000, 0x00000000c9c00000| Untracked 
|  15|0x00000000c9d00000, 0x00000000c9d00000, 0x00000000c9e00000|  0%| F|  |TAMS 0x00000000c9d00000, 0x00000000c9d00000| Untracked 
|  16|0x00000000c9e00000, 0x00000000c9e00000, 0x00000000c9f00000|  0%| F|  |TAMS 0x00000000c9e00000, 0x00000000c9e00000| Untracked 
|  17|0x00000000c9f00000, 0x00000000c9f00000, 0x00000000ca000000|  0%| F|  |TAMS 0x00000000c9f00000, 0x00000000c9f00000| Untracked 
|  18|0x00000000ca000000, 0x00000000ca000000, 0x00000000ca100000|  0%| F|  |TAMS 0x00000000ca000000, 0x00000000ca000000| Untracked 
|  19|0x00000000ca100000, 0x00000000ca100000, 0x00000000ca200000|  0%| F|  |TAMS 0x00000000ca100000, 0x00000000ca100000| Untracked 
|  20|0x00000000ca200000, 0x00000000ca200000, 0x00000000ca300000|  0%| F|  |TAMS 0x00000000ca200000, 0x00000000ca200000| Untracked 
|  21|0x00000000ca300000, 0x00000000ca300000, 0x00000000ca400000|  0%| F|  |TAMS 0x00000000ca300000, 0x00000000ca300000| Untracked 
|  22|0x00000000ca400000, 0x00000000ca400000, 0x00000000ca500000|  0%| F|  |TAMS 0x00000000ca400000, 0x00000000ca400000| Untracked 
|  23|0x00000000ca500000, 0x00000000ca500000, 0x00000000ca600000|  0%| F|  |TAMS 0x00000000ca500000, 0x00000000ca500000| Untracked 
|  24|0x00000000ca600000, 0x00000000ca600000, 0x00000000ca700000|  0%| F|  |TAMS 0x00000000ca600000, 0x00000000ca600000| Untracked 
|  25|0x00000000ca700000, 0x00000000ca700000, 0x00000000ca800000|  0%| F|  |TAMS 0x00000000ca700000, 0x00000000ca700000| Untracked 
|  26|0x00000000ca800000, 0x00000000ca800000, 0x00000000ca900000|  0%| F|  |TAMS 0x00000000ca800000, 0x00000000ca800000| Untracked 
|  27|0x00000000ca900000, 0x00000000ca900000, 0x00000000caa00000|  0%| F|  |TAMS 0x00000000ca900000, 0x00000000ca900000| Untracked 
|  28|0x00000000caa00000, 0x00000000caa00000, 0x00000000cab00000|  0%| F|  |TAMS 0x00000000caa00000, 0x00000000caa00000| Untracked 
|  29|0x00000000cab00000, 0x00000000cab00000, 0x00000000cac00000|  0%| F|  |TAMS 0x00000000cab00000, 0x00000000cab00000| Untracked 
|  30|0x00000000cac00000, 0x00000000cac00000, 0x00000000cad00000|  0%| F|  |TAMS 0x00000000cac00000, 0x00000000cac00000| Untracked 
|  31|0x00000000cad00000, 0x00000000cad00000, 0x00000000cae00000|  0%| F|  |TAMS 0x00000000cad00000, 0x00000000cad00000| Untracked 
|  32|0x00000000cae00000, 0x00000000cae00000, 0x00000000caf00000|  0%| F|  |TAMS 0x00000000cae00000, 0x00000000cae00000| Untracked 
|  33|0x00000000caf00000, 0x00000000caf00000, 0x00000000cb000000|  0%| F|  |TAMS 0x00000000caf00000, 0x00000000caf00000| Untracked 
|  34|0x00000000cb000000, 0x00000000cb000000, 0x00000000cb100000|  0%| F|  |TAMS 0x00000000cb000000, 0x00000000cb000000| Untracked 
|  35|0x00000000cb100000, 0x00000000cb100000, 0x00000000cb200000|  0%| F|  |TAMS 0x00000000cb100000, 0x00000000cb100000| Untracked 
|  36|0x00000000cb200000, 0x00000000cb200000, 0x00000000cb300000|  0%| F|  |TAMS 0x00000000cb200000, 0x00000000cb200000| Untracked 
|  37|0x00000000cb300000, 0x00000000cb300000, 0x00000000cb400000|  0%| F|  |TAMS 0x00000000cb300000, 0x00000000cb300000| Untracked 
|  38|0x00000000cb400000, 0x00000000cb400000, 0x00000000cb500000|  0%| F|  |TAMS 0x00000000cb400000, 0x00000000cb400000| Untracked 
|  39|0x00000000cb500000, 0x00000000cb500000, 0x00000000cb600000|  0%| F|  |TAMS 0x00000000cb500000, 0x00000000cb500000| Untracked 
|  40|0x00000000cb600000, 0x00000000cb600000, 0x00000000cb700000|  0%| F|  |TAMS 0x00000000cb600000, 0x00000000cb600000| Untracked 
|  41|0x00000000cb700000, 0x00000000cb700000, 0x00000000cb800000|  0%| F|  |TAMS 0x00000000cb700000, 0x00000000cb700000| Untracked 
|  42|0x00000000cb800000, 0x00000000cb800000, 0x00000000cb900000|  0%| F|  |TAMS 0x00000000cb800000, 0x00000000cb800000| Untracked 
|  43|0x00000000cb900000, 0x00000000cb900000, 0x00000000cba00000|  0%| F|  |TAMS 0x00000000cb900000, 0x00000000cb900000| Untracked 
|  44|0x00000000cba00000, 0x00000000cba00000, 0x00000000cbb00000|  0%| F|  |TAMS 0x00000000cba00000, 0x00000000cba00000| Untracked 
|  45|0x00000000cbb00000, 0x00000000cbb00000, 0x00000000cbc00000|  0%| F|  |TAMS 0x00000000cbb00000, 0x00000000cbb00000| Untracked 
|  46|0x00000000cbc00000, 0x00000000cbc00000, 0x00000000cbd00000|  0%| F|  |TAMS 0x00000000cbc00000, 0x00000000cbc00000| Untracked 
|  47|0x00000000cbd00000, 0x00000000cbd434f8, 0x00000000cbe00000| 26%| E|  |TAMS 0x00000000cbd00000, 0x00000000cbd00000| Complete 
|  48|0x00000000cbe00000, 0x00000000cbf00000, 0x00000000cbf00000|100%| E|CS|TAMS 0x00000000cbe00000, 0x00000000cbe00000| Complete 
|  49|0x00000000cbf00000, 0x00000000cc000000, 0x00000000cc000000|100%| E|CS|TAMS 0x00000000cbf00000, 0x00000000cbf00000| Complete 
|  50|0x00000000cc000000, 0x00000000cc100000, 0x00000000cc100000|100%| E|CS|TAMS 0x00000000cc000000, 0x00000000cc000000| Complete 
|  51|0x00000000cc100000, 0x00000000cc200000, 0x00000000cc200000|100%| E|CS|TAMS 0x00000000cc100000, 0x00000000cc100000| Complete 
|  52|0x00000000cc200000, 0x00000000cc300000, 0x00000000cc300000|100%| E|CS|TAMS 0x00000000cc200000, 0x00000000cc200000| Complete 
|  53|0x00000000cc300000, 0x00000000cc400000, 0x00000000cc400000|100%| E|CS|TAMS 0x00000000cc300000, 0x00000000cc300000| Complete 
|  54|0x00000000cc400000, 0x00000000cc500000, 0x00000000cc500000|100%| E|CS|TAMS 0x00000000cc400000, 0x00000000cc400000| Complete 
|  55|0x00000000cc500000, 0x00000000cc600000, 0x00000000cc600000|100%| E|CS|TAMS 0x00000000cc500000, 0x00000000cc500000| Complete 

Card table byte_map: [0x00000215f4670000,0x00000215f4830000] _byte_map_base: 0x00000215f4029000

Marking Bits (Prev, Next): (CMBitMap*) 0x00000215dd750db0, (CMBitMap*) 0x00000215dd750df0
 Prev Bits: [0x00000215f49f0000, 0x00000215f57b8000)
 Next Bits: [0x00000215f57c0000, 0x00000215f6588000)

Polling page: 0x00000215db700000

Metaspace:

Usage:
  Non-class:      6.58 MB used.
      Class:    807.30 KB used.
       Both:      7.37 MB used.

Virtual space:
  Non-class space:       64.00 MB reserved,       6.75 MB ( 11%) committed,  1 nodes.
      Class space:        1.00 GB reserved,     896.00 KB ( <1%) committed,  1 nodes.
             Both:        1.06 GB reserved,       7.62 MB ( <1%) committed. 

Chunk freelists:
   Non-Class:  1021.00 KB
       Class:  3.11 MB
        Both:  4.10 MB

MaxMetaspaceSize: unlimited
CompressedClassSpaceSize: 1.00 GB
Initial GC threshold: 21.00 MB
Current GC threshold: 21.00 MB
CDS: on
MetaspaceReclaimPolicy: balanced
 - commit_granule_bytes: 65536.
 - commit_granule_words: 8192.
 - virtual_space_node_default_size: 8388608.
 - enlarge_chunks_in_place: 1.
 - new_chunks_are_fully_committed: 0.
 - uncommit_free_chunks: 1.
 - use_allocation_guard: 0.


Internal statistics:

num_allocs_failed_limit: 0.
num_arena_births: 154.
num_arena_deaths: 0.
num_vsnodes_births: 2.
num_vsnodes_deaths: 0.
num_space_committed: 122.
num_space_uncommitted: 0.
num_chunks_returned_to_freelist: 0.
num_chunks_taken_from_freelist: 180.
num_chunk_merges: 0.
num_chunk_splits: 115.
num_chunks_enlarged: 62.
num_inconsistent_stats: 0.

CodeHeap 'non-profiled nmethods': size=120000Kb used=270Kb max_used=270Kb free=119729Kb
 bounds [0x00000215ed140000, 0x00000215ed3b0000, 0x00000215f4670000]
CodeHeap 'profiled nmethods': size=120000Kb used=1419Kb max_used=1419Kb free=118580Kb
 bounds [0x00000215e5670000, 0x00000215e58e0000, 0x00000215ecba0000]
CodeHeap 'non-nmethods': size=5760Kb used=1361Kb max_used=1361Kb free=4398Kb
 bounds [0x00000215ecba0000, 0x00000215ece10000, 0x00000215ed140000]
 total_blobs=1576 nmethods=974 adapters=513
 compilation: enabled
              stopped_count=0, restarted_count=0
 full_count=0

Compilation events (20 events):
Event: 1.818 Thread 0x00000215f8b544e0 nmethod 946 0x00000215e57c2890 code [0x00000215e57c2a40, 0x00000215e57c2c38]
Event: 1.818 Thread 0x00000215f8b544e0  947       3       java.awt.geom.AffineTransform::setToScale (66 bytes)
Event: 1.818 Thread 0x00000215f8b544e0 nmethod 947 0x00000215e57c2d10 code [0x00000215e57c2ee0, 0x00000215e57c3158]
Event: 1.818 Thread 0x00000215f8b544e0  945       3       java.lang.Math::max (46 bytes)
Event: 1.819 Thread 0x00000215f8b544e0 nmethod 945 0x00000215e57c3210 code [0x00000215e57c33c0, 0x00000215e57c3718]
Event: 1.819 Thread 0x00000215f8b544e0  948       3       javax.swing.text.Utilities::getTabbedTextWidth (17 bytes)
Event: 1.819 Thread 0x00000215f8b544e0 nmethod 948 0x00000215e57c3790 code [0x00000215e57c3940, 0x00000215e57c3a88]
Event: 1.819 Thread 0x00000215f8b544e0  943       1       javax.swing.text.CompositeView::getLeftInset (5 bytes)
Event: 1.820 Thread 0x00000215f8b544e0 nmethod 943 0x00000215ed182990 code [0x00000215ed182b20, 0x00000215ed182bf8]
Event: 1.820 Thread 0x00000215f8b544e0  944       1       javax.swing.text.CompositeView::getRightInset (5 bytes)
Event: 1.820 Thread 0x00000215f8b544e0 nmethod 944 0x00000215ed182c90 code [0x00000215ed182e20, 0x00000215ed182ef8]
Event: 1.820 Thread 0x00000215f8b544e0  950       3       javax.swing.text.GlyphView::createFragment (64 bytes)
Event: 1.822 Thread 0x00000215f8b544e0 nmethod 950 0x00000215e57c3b90 code [0x00000215e57c3d80, 0x00000215e57c4448]
Event: 1.822 Thread 0x00000215f8b544e0  951   !   3       javax.swing.text.GlyphView::clone (13 bytes)
Event: 1.823 Thread 0x00000215f8b544e0 nmethod 951 0x00000215e57c4690 code [0x00000215e57c4840, 0x00000215e57c49e8]
Event: 1.825 Thread 0x00000215f8b544e0  952       3       javax.swing.text.html.InlineView::getBreakWeight (17 bytes)
Event: 1.826 Thread 0x00000215f8b544e0 nmethod 952 0x00000215e57c4a90 code [0x00000215e57c4c40, 0x00000215e57c4de8]
Event: 1.826 Thread 0x00000215f8b544e0  955       3       java.awt.geom.AffineTransform::<init> (15 bytes)
Event: 1.826 Thread 0x00000215f8b544e0 nmethod 955 0x00000215e57c4e90 code [0x00000215e57c5040, 0x00000215e57c51b8]
Event: 1.826 Thread 0x00000215f8b544e0  954       3       sun.awt.Win32GraphicsConfig::getDefaultTransform (24 bytes)

GC Heap History (0 events):
No events

Dll operation events (8 events):
Event: 0.045 Loaded shared library C:\Program Files\Java\jdk-19\bin\java.dll
Event: 0.111 Loaded shared library C:\Program Files\Java\jdk-19\bin\jsvml.dll
Event: 0.426 Loaded shared library C:\Program Files\Java\jdk-19\bin\net.dll
Event: 0.435 Loaded shared library C:\Program Files\Java\jdk-19\bin\nio.dll
Event: 0.561 Loaded shared library C:\Program Files\Java\jdk-19\bin\jimage.dll
Event: 0.606 Loaded shared library C:\Program Files\Java\jdk-19\bin\awt.dll
Event: 1.368 Loaded shared library C:\Program Files\Java\jdk-19\bin\freetype.dll
Event: 1.371 Loaded shared library C:\Program Files\Java\jdk-19\bin\fontmanager.dll

Deoptimization events (20 events):
Event: 1.735 Thread 0x00000215dd712740 Uncommon trap: trap_request=0xffffff45 fr.pc=0x00000215ed179960 relative=0x00000000000000c0
Event: 1.736 Thread 0x00000215dd712740 Uncommon trap: reason=unstable_if action=reinterpret pc=0x00000215ed179960 method=java.util.concurrent.locks.ReentrantLock$Sync.tryRelease(I)Z @ 26 c2
Event: 1.736 Thread 0x00000215dd712740 DEOPT PACKING pc=0x00000215ed179960 sp=0x000000abe02fe060
Event: 1.736 Thread 0x00000215dd712740 DEOPT UNPACKING pc=0x00000215ecc06da3 sp=0x000000abe02fdf50 mode 2
Event: 1.758 Thread 0x00000215dd712740 Uncommon trap: trap_request=0xffffffde fr.pc=0x00000215ed171044 relative=0x0000000000000284
Event: 1.758 Thread 0x00000215dd712740 Uncommon trap: reason=class_check action=maybe_recompile pc=0x00000215ed171044 method=java.util.HashMap.getNode(Ljava/lang/Object;)Ljava/util/HashMap$Node; @ 63 c2
Event: 1.759 Thread 0x00000215dd712740 DEOPT PACKING pc=0x00000215ed171044 sp=0x000000abe02fe360
Event: 1.759 Thread 0x00000215dd712740 DEOPT UNPACKING pc=0x00000215ecc06da3 sp=0x000000abe02fe2c8 mode 2
Event: 1.759 Thread 0x00000215dd712740 Uncommon trap: trap_request=0xffffffde fr.pc=0x00000215ed171044 relative=0x0000000000000284
Event: 1.759 Thread 0x00000215dd712740 Uncommon trap: reason=class_check action=maybe_recompile pc=0x00000215ed171044 method=java.util.HashMap.getNode(Ljava/lang/Object;)Ljava/util/HashMap$Node; @ 63 c2
Event: 1.759 Thread 0x00000215dd712740 DEOPT PACKING pc=0x00000215ed171044 sp=0x000000abe02fe3e0
Event: 1.759 Thread 0x00000215dd712740 DEOPT UNPACKING pc=0x00000215ecc06da3 sp=0x000000abe02fe348 mode 2
Event: 1.771 Thread 0x00000215dd712740 Uncommon trap: trap_request=0xffffffde fr.pc=0x00000215ed171044 relative=0x0000000000000284
Event: 1.771 Thread 0x00000215dd712740 Uncommon trap: reason=class_check action=maybe_recompile pc=0x00000215ed171044 method=java.util.HashMap.getNode(Ljava/lang/Object;)Ljava/util/HashMap$Node; @ 63 c2
Event: 1.771 Thread 0x00000215dd712740 DEOPT PACKING pc=0x00000215ed171044 sp=0x000000abe02fe360
Event: 1.772 Thread 0x00000215dd712740 DEOPT UNPACKING pc=0x00000215ecc06da3 sp=0x000000abe02fe2c8 mode 2
Event: 1.772 Thread 0x00000215dd712740 Uncommon trap: trap_request=0xffffffde fr.pc=0x00000215ed171044 relative=0x0000000000000284
Event: 1.772 Thread 0x00000215dd712740 Uncommon trap: reason=class_check action=maybe_recompile pc=0x00000215ed171044 method=java.util.HashMap.getNode(Ljava/lang/Object;)Ljava/util/HashMap$Node; @ 63 c2
Event: 1.772 Thread 0x00000215dd712740 DEOPT PACKING pc=0x00000215ed171044 sp=0x000000abe02fe3a0
Event: 1.772 Thread 0x00000215dd712740 DEOPT UNPACKING pc=0x00000215ecc06da3 sp=0x000000abe02fe308 mode 2

Classes loaded (20 events):
Event: 1.737 Loading class java/awt/EventFilter
Event: 1.737 Loading class java/awt/EventFilter done
Event: 1.737 Loading class sun/swing/SwingUtilities2$KeyPair done
Event: 1.737 Loading class java/awt/EventDispatchThread$HierarchyEventFilter done
Event: 1.737 Loading class java/awt/ModalEventFilter
Event: 1.738 Loading class java/awt/ModalEventFilter done
Event: 1.738 Loading class java/awt/EventFilter$FilterAction
Event: 1.739 Loading class java/awt/EventFilter$FilterAction done
Event: 1.739 Loading class sun/awt/dnd/SunDragSourceContextPeer
Event: 1.740 Loading class java/awt/dnd/peer/DragSourceContextPeer
Event: 1.740 Loading class java/awt/dnd/peer/DragSourceContextPeer done
Event: 1.740 Loading class sun/awt/dnd/SunDragSourceContextPeer done
Event: 1.740 Loading class java/awt/EventQueue$4
Event: 1.741 Loading class java/awt/EventQueue$4 done
Event: 1.741 Loading class java/awt/EventQueue$5
Event: 1.741 Loading class java/awt/EventQueue$5 done
Event: 1.741 Loading class java/awt/event/InputMethodEvent
Event: 1.741 Loading class java/awt/event/InputMethodEvent done
Event: 1.741 Loading class java/awt/event/ActionEvent
Event: 1.741 Loading class java/awt/event/ActionEvent done

Classes unloaded (0 events):
No events

Classes redefined (0 events):
No events

Internal exceptions (20 events):
Event: 1.462 Thread 0x00000215dd712740 Exception <a 'java/io/FileNotFoundException'{0x00000000cbf04620}> (0x00000000cbf04620) 
thrown [s\open\src\hotspot\share\prims\jni.cpp, line 517]
Event: 1.463 Thread 0x00000215dd712740 Exception <a 'java/io/FileNotFoundException'{0x00000000cbf05a08}> (0x00000000cbf05a08) 
thrown [s\open\src\hotspot\share\prims\jni.cpp, line 517]
Event: 1.464 Thread 0x00000215dd712740 Exception <a 'java/io/FileNotFoundException'{0x00000000cbf06ba8}> (0x00000000cbf06ba8) 
thrown [s\open\src\hotspot\share\prims\jni.cpp, line 517]
Event: 1.464 Thread 0x00000215dd712740 Exception <a 'java/io/FileNotFoundException'{0x00000000cbf07da0}> (0x00000000cbf07da0) 
thrown [s\open\src\hotspot\share\prims\jni.cpp, line 517]
Event: 1.464 Thread 0x00000215dd712740 Exception <a 'java/io/FileNotFoundException'{0x00000000cbf08f80}> (0x00000000cbf08f80) 
thrown [s\open\src\hotspot\share\prims\jni.cpp, line 517]
Event: 1.464 Thread 0x00000215dd712740 Exception <a 'java/io/FileNotFoundException'{0x00000000cbf0a178}> (0x00000000cbf0a178) 
thrown [s\open\src\hotspot\share\prims\jni.cpp, line 517]
Event: 1.464 Thread 0x00000215dd712740 Exception <a 'java/io/FileNotFoundException'{0x00000000cbf0b330}> (0x00000000cbf0b330) 
thrown [s\open\src\hotspot\share\prims\jni.cpp, line 517]
Event: 1.485 Thread 0x00000215dd712740 Exception <a 'java/io/FileNotFoundException'{0x00000000cbf13208}> (0x00000000cbf13208) 
thrown [s\open\src\hotspot\share\prims\jni.cpp, line 517]
Event: 1.487 Thread 0x00000215dd712740 Exception <a 'java/io/FileNotFoundException'{0x00000000cbf16100}> (0x00000000cbf16100) 
thrown [s\open\src\hotspot\share\prims\jni.cpp, line 517]
Event: 1.487 Thread 0x00000215dd712740 Exception <a 'java/io/FileNotFoundException'{0x00000000cbf172f0}> (0x00000000cbf172f0) 
thrown [s\open\src\hotspot\share\prims\jni.cpp, line 517]
Event: 1.494 Thread 0x00000215dd712740 Exception <a 'java/io/FileNotFoundException'{0x00000000cbf21ea8}> (0x00000000cbf21ea8) 
thrown [s\open\src\hotspot\share\prims\jni.cpp, line 517]
Event: 1.494 Thread 0x00000215dd712740 Exception <a 'java/io/FileNotFoundException'{0x00000000cbf230a0}> (0x00000000cbf230a0) 
thrown [s\open\src\hotspot\share\prims\jni.cpp, line 517]
Event: 1.495 Thread 0x00000215dd712740 Exception <a 'java/io/FileNotFoundException'{0x00000000cbf24240}> (0x00000000cbf24240) 
thrown [s\open\src\hotspot\share\prims\jni.cpp, line 517]
Event: 1.495 Thread 0x00000215dd712740 Exception <a 'java/io/FileNotFoundException'{0x00000000cbf25438}> (0x00000000cbf25438) 
thrown [s\open\src\hotspot\share\prims\jni.cpp, line 517]
Event: 1.495 Thread 0x00000215dd712740 Exception <a 'java/io/FileNotFoundException'{0x00000000cbf26618}> (0x00000000cbf26618) 
thrown [s\open\src\hotspot\share\prims\jni.cpp, line 517]
Event: 1.496 Thread 0x00000215dd712740 Exception <a 'java/io/FileNotFoundException'{0x00000000cbf29508}> (0x00000000cbf29508) 
thrown [s\open\src\hotspot\share\prims\jni.cpp, line 517]
Event: 1.497 Thread 0x00000215dd712740 Exception <a 'java/io/FileNotFoundException'{0x00000000cbf2a6c0}> (0x00000000cbf2a6c0) 
thrown [s\open\src\hotspot\share\prims\jni.cpp, line 517]
Event: 1.498 Thread 0x00000215dd712740 Exception <a 'java/io/FileNotFoundException'{0x00000000cbf2cce8}> (0x00000000cbf2cce8) 
thrown [s\open\src\hotspot\share\prims\jni.cpp, line 517]
Event: 1.499 Thread 0x00000215dd712740 Exception <a 'java/io/FileNotFoundException'{0x00000000cbf2fb40}> (0x00000000cbf2fb40) 
thrown [s\open\src\hotspot\share\prims\jni.cpp, line 517]
Event: 1.499 Thread 0x00000215dd712740 Exception <a 'java/io/FileNotFoundException'{0x00000000cbf30d30}> (0x00000000cbf30d30) 
thrown [s\open\src\hotspot\share\prims\jni.cpp, line 517]

VM Operations (4 events):
Event: 0.458 Executing VM operation: HandshakeAllThreads
Event: 0.458 Executing VM operation: HandshakeAllThreads done
Event: 1.453 Executing VM operation: Cleanup
Event: 1.454 Executing VM operation: Cleanup done

Events (16 events):
Event: 0.112 Thread 0x00000215dd712740 Thread added: 0x00000215dd712740
Event: 0.189 Thread 0x00000215f8b257c0 Thread added: 0x00000215f8b257c0
Event: 0.190 Thread 0x00000215f8b26820 Thread added: 0x00000215f8b26820
Event: 0.193 Thread 0x00000215f8b30a60 Thread added: 0x00000215f8b30a60
Event: 0.194 Thread 0x00000215f8b323a0 Thread added: 0x00000215f8b323a0
Event: 0.194 Thread 0x00000215f8b32cd0 Thread added: 0x00000215f8b32cd0
Event: 0.194 Thread 0x00000215f8b33870 Thread added: 0x00000215f8b33870
Event: 0.195 Thread 0x00000215f8b348e0 Thread added: 0x00000215f8b348e0
Event: 0.200 Thread 0x00000215f8b544e0 Thread added: 0x00000215f8b544e0
Event: 0.203 Thread 0x00000215f8bb9920 Thread added: 0x00000215f8bb9920
Event: 0.365 Thread 0x00000215f8bed120 Thread added: 0x00000215f8bed120
Event: 0.526 Thread 0x00000215fce45160 Thread added: 0x00000215fce45160
Event: 0.795 Thread 0x00000215fceab5e0 Thread added: 0x00000215fceab5e0
Event: 0.800 Thread 0x00000215fcf55fd0 Thread added: 0x00000215fcf55fd0
Event: 0.804 Thread 0x00000215fcf9d5b0 Thread added: 0x00000215fcf9d5b0
Event: 1.735 Thread 0x000002158287f330 Thread added: 0x000002158287f330


Dynamic libraries:
0x00007ff79e100000 - 0x00007ff79e110000 	C:\Program Files\Java\jdk-19\bin\java.exe
0x00007ffb96f10000 - 0x00007ffb97127000 	C:\WINDOWS\SYSTEM32\ntdll.dll
0x00007ffb6bbe0000 - 0x00007ffb6bbfa000 	C:\Program Files\Avast Software\Avast\aswhook.dll
0x00007ffb953f0000 - 0x00007ffb954b4000 	C:\WINDOWS\System32\KERNEL32.DLL
0x00007ffb94600000 - 0x00007ffb949ad000 	C:\WINDOWS\System32\KERNELBASE.dll
0x00007ffb94230000 - 0x00007ffb94341000 	C:\WINDOWS\System32\ucrtbase.dll
0x00007ffb664a0000 - 0x00007ffb664b8000 	C:\Program Files\Java\jdk-19\bin\jli.dll
0x00007ffb94fe0000 - 0x00007ffb95092000 	C:\WINDOWS\System32\ADVAPI32.dll
0x00007ffb96e20000 - 0x00007ffb96ec7000 	C:\WINDOWS\System32\msvcrt.dll
0x00007ffb95340000 - 0x00007ffb953e9000 	C:\WINDOWS\System32\sechost.dll
0x00007ffb949b0000 - 0x00007ffb949d8000 	C:\WINDOWS\System32\bcrypt.dll
0x00007ffb96610000 - 0x00007ffb96724000 	C:\WINDOWS\System32\RPCRT4.dll
0x00007ffb6fa60000 - 0x00007ffb6fa7b000 	C:\Program Files\Java\jdk-19\bin\VCRUNTIME140.dll
0x00007ffb959b0000 - 0x00007ffb95b5e000 	C:\WINDOWS\System32\USER32.dll
0x00007ffb94a50000 - 0x00007ffb94a76000 	C:\WINDOWS\System32\win32u.dll
0x00007ffb96db0000 - 0x00007ffb96dd9000 	C:\WINDOWS\System32\GDI32.dll
0x00007ffb94a80000 - 0x00007ffb94b99000 	C:\WINDOWS\System32\gdi32full.dll
0x00007ffb94ba0000 - 0x00007ffb94c3a000 	C:\WINDOWS\System32\msvcp_win.dll
0x00007ffb80f90000 - 0x00007ffb81223000 	C:\WINDOWS\WinSxS\amd64_microsoft.windows.common-controls_6595b64144ccf1df_6.0.22621.3672_none_2713b9d173822955\COMCTL32.dll
0x00007ffb8cfb0000 - 0x00007ffb8cfba000 	C:\WINDOWS\SYSTEM32\VERSION.dll
0x00007ffb96de0000 - 0x00007ffb96e11000 	C:\WINDOWS\System32\IMM32.DLL
0x00007ffb88110000 - 0x00007ffb8811c000 	C:\Program Files\Java\jdk-19\bin\vcruntime140_1.dll
0x00007ffb3d5a0000 - 0x00007ffb3d62e000 	C:\Program Files\Java\jdk-19\bin\msvcp140.dll
0x00007ffb28fc0000 - 0x00007ffb29c80000 	C:\Program Files\Java\jdk-19\bin\server\jvm.dll
0x00007ffb901d0000 - 0x00007ffb90204000 	C:\WINDOWS\SYSTEM32\WINMM.dll
0x00007ffb7abb0000 - 0x00007ffb7abb9000 	C:\WINDOWS\SYSTEM32\WSOCK32.dll
0x00007ffb950a0000 - 0x00007ffb95111000 	C:\WINDOWS\System32\WS2_32.dll
0x00007ffb93240000 - 0x00007ffb93258000 	C:\WINDOWS\SYSTEM32\kernel.appcore.dll
0x00007ffb6e4a0000 - 0x00007ffb6e4aa000 	C:\Program Files\Java\jdk-19\bin\jimage.dll
0x00007ffb8ca90000 - 0x00007ffb8ccc2000 	C:\WINDOWS\SYSTEM32\DBGHELP.DLL
0x00007ffb94c50000 - 0x00007ffb94fde000 	C:\WINDOWS\System32\combase.dll
0x00007ffb969a0000 - 0x00007ffb96a77000 	C:\WINDOWS\System32\OLEAUT32.dll
0x00007ffb87ec0000 - 0x00007ffb87ef2000 	C:\WINDOWS\SYSTEM32\dbgcore.DLL
0x00007ffb94580000 - 0x00007ffb945fb000 	C:\WINDOWS\System32\bcryptPrimitives.dll
0x00007ffb55bc0000 - 0x00007ffb55be6000 	C:\Program Files\Java\jdk-19\bin\java.dll
0x00007ffb3dd20000 - 0x00007ffb3ddf7000 	C:\Program Files\Java\jdk-19\bin\jsvml.dll
0x00007ffb95da0000 - 0x00007ffb96607000 	C:\WINDOWS\System32\SHELL32.dll
0x00007ffb92160000 - 0x00007ffb92a5f000 	C:\WINDOWS\SYSTEM32\windows.storage.dll
0x00007ffb92020000 - 0x00007ffb9215f000 	C:\WINDOWS\SYSTEM32\wintypes.dll
0x00007ffb96c30000 - 0x00007ffb96d29000 	C:\WINDOWS\System32\SHCORE.dll
0x00007ffb95120000 - 0x00007ffb9517e000 	C:\WINDOWS\System32\shlwapi.dll
0x00007ffb94160000 - 0x00007ffb94187000 	C:\WINDOWS\SYSTEM32\profapi.dll
0x00007ffb6ba20000 - 0x00007ffb6ba33000 	C:\Program Files\Java\jdk-19\bin\net.dll
0x00007ffb8e2b0000 - 0x00007ffb8e3e6000 	C:\WINDOWS\SYSTEM32\WINHTTP.dll
0x00007ffb936b0000 - 0x00007ffb93719000 	C:\WINDOWS\system32\mswsock.dll
0x00007ffb685d0000 - 0x00007ffb685e6000 	C:\Program Files\Java\jdk-19\bin\nio.dll
0x00007ffb3c170000 - 0x00007ffb3c301000 	C:\Program Files\Java\jdk-19\bin\awt.dll
0x00007ffb906e0000 - 0x00007ffb90777000 	C:\WINDOWS\SYSTEM32\apphelp.dll
0x00007ffb919b0000 - 0x00007ffb919db000 	C:\WINDOWS\system32\DWMAPI.DLL
0x00007ffb91770000 - 0x00007ffb91821000 	C:\WINDOWS\system32\uxtheme.dll
0x00007ffb38750000 - 0x00007ffb38850000 	C:\WINDOWS\system32\opengl32.dll
0x00007ffb50210000 - 0x00007ffb5023d000 	C:\WINDOWS\SYSTEM32\GLU32.dll
0x00007ffb91860000 - 0x00007ffb91897000 	C:\WINDOWS\SYSTEM32\dxcore.dll
0x00007ffb95b60000 - 0x00007ffb95cbe000 	C:\WINDOWS\System32\MSCTF.dll
0x00007ffb96a80000 - 0x00007ffb96c25000 	C:\WINDOWS\System32\ole32.dll
0x00007ffb46950000 - 0x00007ffb46af8000 	C:\WINDOWS\system32\d3d9.dll
0x00007ffb8abb0000 - 0x00007ffb8ad68000 	C:\WINDOWS\System32\DriverStore\FileRepository\u0376648.inf_amd64_10263edfe9a1aa63\B374868\aticfx64.dll
0x00007ffb56270000 - 0x00007ffb562a4000 	C:\WINDOWS\System32\DriverStore\FileRepository\u0376648.inf_amd64_10263edfe9a1aa63\B374868\atiu9p64.dll
0x00007ffb38b90000 - 0x00007ffb398e4000 	C:\WINDOWS\System32\DriverStore\FileRepository\u0376648.inf_amd64_10263edfe9a1aa63\B374868\atiumd64.dll
0x00000000682a0000 - 0x0000000069113000 	C:\WINDOWS\System32\DriverStore\FileRepository\u0376648.inf_amd64_10263edfe9a1aa63\B374868\atiumd6a.dll
0x00007ffb95510000 - 0x00007ffb95984000 	C:\WINDOWS\System32\SETUPAPI.dll
0x00007ffb94100000 - 0x00007ffb9414d000 	C:\WINDOWS\SYSTEM32\POWRPROF.dll
0x00007ffb940e0000 - 0x00007ffb940f3000 	C:\WINDOWS\SYSTEM32\UMPDC.dll
0x00007ffb8ae00000 - 0x00007ffb8ae30000 	C:\WINDOWS\SYSTEM32\amdihk64.dll
0x00007ffb8d930000 - 0x00007ffb8d979000 	C:\WINDOWS\SYSTEM32\directxdatabasehelper.dll
0x00007ffb37d80000 - 0x00007ffb37e06000 	C:\Program Files\Java\jdk-19\bin\freetype.dll
0x00007ffb2ecb0000 - 0x00007ffb2ed75000 	C:\Program Files\Java\jdk-19\bin\fontmanager.dll

dbghelp: loaded successfully - version: 4.0.5 - missing functions: none
symbol engine: initialized successfully - sym options: 0x614 - pdb path: .;C:\Program Files\Java\jdk-19\bin;C:\WINDOWS\SYSTEM32;C:\Program Files\Avast Software\Avast;C:\WINDOWS\WinSxS\amd64_microsoft.windows.common-controls_6595b64144ccf1df_6.0.22621.3672_none_2713b9d173822955;C:\Program Files\Java\jdk-19\bin\server;C:\WINDOWS\System32\DriverStore\FileRepository\u0376648.inf_amd64_10263edfe9a1aa63\B374868

VM Arguments:
jvm_args: -Dfile.encoding=UTF-8 --module-path=C:\Users\hp\OneDrive\Documents\NetBeansProjects\Quiz Application with Timer\build\classes 
java_command: quizapplicationwithtimer.Rules
java_class_path (initial): C:\Users\hp\OneDrive\Documents\NetBeansProjects\Quiz Application with Timer\build\classes
Launcher Type: SUN_STANDARD

[Global flags]
     intx CICompilerCount                          = 3                                         {product} {ergonomic}
     uint ConcGCThreads                            = 1                                         {product} {ergonomic}
     uint G1ConcRefinementThreads                  = 4                                         {product} {ergonomic}
   size_t G1HeapRegionSize                         = 1048576                                   {product} {ergonomic}
    uintx GCDrainStackTargetSize                   = 64                                        {product} {ergonomic}
   size_t InitialHeapSize                          = 58720256                                  {product} {ergonomic}
   size_t MarkStackSize                            = 4194304                                   {product} {ergonomic}
   size_t MaxHeapSize                              = 924844032                                 {product} {ergonomic}
   size_t MaxNewSize                               = 554696704                                 {product} {ergonomic}
   size_t MinHeapDeltaBytes                        = 1048576                                   {product} {ergonomic}
   size_t MinHeapSize                              = 8388608                                   {product} {ergonomic}
    uintx NonNMethodCodeHeapSize                   = 5832780                                {pd product} {ergonomic}
    uintx NonProfiledCodeHeapSize                  = 122912730                              {pd product} {ergonomic}
    uintx ProfiledCodeHeapSize                     = 122912730                              {pd product} {ergonomic}
    uintx ReservedCodeCacheSize                    = 251658240                              {pd product} {ergonomic}
     bool SegmentedCodeCache                       = true                                      {product} {ergonomic}
   size_t SoftMaxHeapSize                          = 924844032                              {manageable} {ergonomic}
     bool UseCompressedClassPointers               = true                           {product lp64_product} {ergonomic}
     bool UseCompressedOops                        = true                           {product lp64_product} {ergonomic}
     bool UseG1GC                                  = true                                      {product} {ergonomic}
     bool UseLargePagesIndividualAllocation        = false                                  {pd product} {ergonomic}

Logging:
Log output configuration:
 #0: stdout all=warning uptime,level,tags foldmultilines=false
 #1: stderr all=off uptime,level,tags foldmultilines=false

Environment Variables:
PATH=C:\Program Files\Common Files\Oracle\Java\javapath;C:\WINDOWS\system32;C:\WINDOWS;C:\WINDOWS\System32\Wbem;C:\WINDOWS\System32\WindowsPowerShell\v1.0\;C:\WINDOWS\System32\OpenSSH\;C:\Users\hp\AppData\Local\Programs\Python\Launcher\;C:\Users\hp\AppData\Local\Microsoft\WindowsApps;C:\Users\hp\AppData\Local\Programs\Microsoft VS Code\bin;C:\Program Files\JetBrains\IntelliJ IDEA 2024.2.1\bin;;C:\Users\hp\AppData\Local\GitHubDesktop\bin;C:\ProgramData\hp\GitHubDesktop\bin
USERNAME=hp
OS=Windows_NT
PROCESSOR_IDENTIFIER=AMD64 Family 23 Model 24 Stepping 1, AuthenticAMD
TMP=C:\Users\hp\AppData\Local\Temp
TEMP=C:\Users\hp\AppData\Local\Temp



---------------  S Y S T E M  ---------------

OS:
 Windows 11 , 64 bit Build 22621 (10.0.22621.3958)
OS uptime: 0 days 2:52 hours
Hyper-V role detected

CPU: total 4 (initial active 4) (4 cores per cpu, 2 threads per core) family 23 model 24 stepping 1 microcode 0x0, cx8, cmov, fxsr, ht, mmx, 3dnowpref, sse, sse2, sse3, ssse3, sse4a, sse4.1, sse4.2, popcnt, lzcnt, tsc, tscinvbit, avx, avx2, aes, clmul, bmi1, bmi2, adx, sha, fma, vzeroupper, clflush, clflushopt, hv, rdtscp

Memory: 4k page, system-wide physical 3526M (208M free)
TotalPageFile size 14278M (AvailPageFile size 0M)
current process WorkingSet (physical memory assigned to process): 66M, peak: 66M
current process commit charge ("private bytes"): 154M, peak: 154M

vm_info: Java HotSpot(TM) 64-Bit Server VM (19.0.1+10-21) for windows-amd64 JRE (19.0.1+10-21), built on 2022-09-14T12:45:06Z by "mach5one" with MS VC++ 17.1 (VS2022)

END.
